<?xml version="1.0" encoding="UTF-8"?>
<coverage generated="1717707423570" clover="3.2.0">
  <project timestamp="1717707423570" name="All files">
    <metrics statements="302" coveredstatements="218" conditionals="239" coveredconditionals="178" methods="34" coveredmethods="26" elements="575" coveredelements="422" complexity="0" loc="302" ncloc="302" packages="1" files="1" classes="1"/>
    <file name="questioner.mjs" path="/Users/zane/playground/question-and-answer/src/lib/questioner.mjs">
      <metrics statements="302" coveredstatements="218" conditionals="239" coveredconditionals="178" methods="34" coveredmethods="26"/>
      <line num="1" count="37" type="cond" truecount="6" falsecount="0"/>
      <line num="16" count="1" type="stmt"/>
      <line num="18" count="1" type="stmt"/>
      <line num="19" count="1" type="stmt"/>
      <line num="20" count="1" type="stmt"/>
      <line num="22" count="1" type="stmt"/>
      <line num="25" count="1" type="stmt"/>
      <line num="26" count="1" type="stmt"/>
      <line num="27" count="1" type="stmt"/>
      <line num="29" count="1" type="stmt"/>
      <line num="33" count="116" type="stmt"/>
      <line num="57" count="1624" type="stmt"/>
      <line num="58" count="116" type="stmt"/>
      <line num="59" count="116" type="cond" truecount="1" falsecount="0"/>
      <line num="60" count="11" type="stmt"/>
      <line num="61" count="11" type="stmt"/>
      <line num="63" count="116" type="stmt"/>
      <line num="64" count="116" type="stmt"/>
      <line num="65" count="116" type="stmt"/>
      <line num="66" count="116" type="stmt"/>
      <line num="68" count="116" type="stmt"/>
      <line num="70" count="114" type="stmt"/>
      <line num="71" count="114" type="stmt"/>
      <line num="72" count="141" type="stmt"/>
      <line num="73" count="141" type="stmt"/>
      <line num="80" count="142" type="stmt"/>
      <line num="82" count="142" type="stmt"/>
      <line num="84" count="142" type="stmt"/>
      <line num="85" count="142" type="stmt"/>
      <line num="86" count="142" type="stmt"/>
      <line num="92" count="125" type="stmt"/>
      <line num="94" count="125" type="stmt"/>
      <line num="95" count="125" type="cond" truecount="2" falsecount="0"/>
      <line num="96" count="125" type="cond" truecount="2" falsecount="0"/>
      <line num="97" count="125" type="cond" truecount="0" falsecount="1"/>
      <line num="98" count="0" type="stmt"/>
      <line num="101" count="125" type="stmt"/>
      <line num="103" count="125" type="stmt"/>
      <line num="104" count="125" type="cond" truecount="2" falsecount="0"/>
      <line num="105" count="117" type="cond" truecount="2" falsecount="0"/>
      <line num="106" count="5" type="cond" truecount="5" falsecount="0"/>
      <line num="107" count="2" type="cond" truecount="1" falsecount="1"/>
      <line num="110" count="3" type="stmt"/>
      <line num="113" count="112" type="cond" truecount="2" falsecount="0"/>
      <line num="114" count="103" type="stmt"/>
      <line num="115" count="103" type="stmt"/>
      <line num="117" count="9" type="cond" truecount="4" falsecount="0"/>
      <line num="118" count="1" type="stmt"/>
      <line num="122" count="117" type="stmt"/>
      <line num="125" count="8" type="stmt"/>
      <line num="126" count="16" type="stmt"/>
      <line num="127" count="8" type="stmt"/>
      <line num="128" count="8" type="cond" truecount="0" falsecount="1"/>
      <line num="130" count="0" type="stmt"/>
      <line num="131" count="0" type="cond" truecount="0" falsecount="2"/>
      <line num="132" count="0" type="stmt"/>
      <line num="135" count="0" type="stmt"/>
      <line num="136" count="0" type="stmt"/>
      <line num="141" count="125" type="cond" truecount="1" falsecount="0"/>
      <line num="142" count="35" type="cond" truecount="2" falsecount="0"/>
      <line num="143" count="35" type="cond" truecount="2" falsecount="0"/>
      <line num="146" count="125" type="stmt"/>
      <line num="150" count="125" type="stmt"/>
      <line num="151" count="125" type="cond" truecount="2" falsecount="0"/>
      <line num="152" count="125" type="cond" truecount="1" falsecount="1"/>
      <line num="153" count="0" type="stmt"/>
      <line num="154" count="0" type="stmt"/>
      <line num="156" count="125" type="cond" truecount="1" falsecount="0"/>
      <line num="157" count="7" type="cond" truecount="1" falsecount="1"/>
      <line num="158" count="0" type="stmt"/>
      <line num="161" count="7" type="cond" truecount="2" falsecount="0"/>
      <line num="164" count="125" type="stmt"/>
      <line num="167" count="125" type="cond" truecount="6" falsecount="0"/>
      <line num="168" count="125" type="cond" truecount="2" falsecount="0"/>
      <line num="170" count="125" type="stmt"/>
      <line num="171" count="125" type="cond" truecount="1" falsecount="0"/>
      <line num="172" count="35" type="stmt"/>
      <line num="174" count="125" type="stmt"/>
      <line num="175" count="125" type="cond" truecount="1" falsecount="0"/>
      <line num="176" count="121" type="stmt"/>
      <line num="177" count="149" type="cond" truecount="2" falsecount="0"/>
      <line num="179" count="134" type="stmt"/>
      <line num="180" count="134" type="cond" truecount="1" falsecount="0"/>
      <line num="181" count="133" type="stmt"/>
      <line num="182" count="133" type="stmt"/>
      <line num="183" count="133" type="stmt"/>
      <line num="187" count="15" type="stmt"/>
      <line num="188" count="15" type="cond" truecount="5" falsecount="1"/>
      <line num="189" count="0" type="stmt"/>
      <line num="192" count="15" type="stmt"/>
      <line num="193" count="15" type="stmt"/>
      <line num="194" count="15" type="stmt"/>
      <line num="198" count="149" type="cond" truecount="1" falsecount="0"/>
      <line num="202" count="125" type="cond" truecount="2" falsecount="0"/>
      <line num="203" count="107" type="stmt"/>
      <line num="204" count="107" type="cond" truecount="2" falsecount="0"/>
      <line num="205" count="107" type="stmt"/>
      <line num="208" count="18" type="stmt"/>
      <line num="209" count="18" type="stmt"/>
      <line num="210" count="18" type="stmt"/>
      <line num="211" count="18" type="stmt"/>
      <line num="214" count="125" type="stmt"/>
      <line num="218" count="114" type="stmt"/>
      <line num="220" count="114" type="stmt"/>
      <line num="222" count="141" type="cond" truecount="3" falsecount="0"/>
      <line num="223" count="12" type="stmt"/>
      <line num="224" count="12" type="cond" truecount="2" falsecount="0"/>
      <line num="225" count="1" type="stmt"/>
      <line num="227" count="11" type="cond" truecount="2" falsecount="0"/>
      <line num="228" count="1" type="stmt"/>
      <line num="236" count="10" type="stmt"/>
      <line num="238" count="12" type="stmt"/>
      <line num="243" count="129" type="cond" truecount="3" falsecount="0"/>
      <line num="245" count="129" type="cond" truecount="1" falsecount="0"/>
      <line num="246" count="8" type="stmt"/>
      <line num="247" count="8" type="stmt"/>
      <line num="248" count="8" type="stmt"/>
      <line num="249" count="8" type="stmt"/>
      <line num="254" count="121" type="cond" truecount="3" falsecount="0"/>
      <line num="255" count="3" type="stmt"/>
      <line num="257" count="121" type="cond" truecount="2" falsecount="0"/>
      <line num="258" count="107" type="stmt"/>
      <line num="260" count="14" type="cond" truecount="2" falsecount="0"/>
      <line num="261" count="12" type="stmt"/>
      <line num="263" count="2" type="cond" truecount="1" falsecount="1"/>
      <line num="264" count="2" type="stmt"/>
      <line num="266" count="0" type="cond" truecount="0" falsecount="2"/>
      <line num="267" count="0" type="stmt"/>
      <line num="268" count="0" type="cond" truecount="0" falsecount="4"/>
      <line num="269" count="0" type="stmt"/>
      <line num="271" count="0" type="cond" truecount="0" falsecount="1"/>
      <line num="272" count="0" type="stmt"/>
      <line num="273" count="0" type="stmt"/>
      <line num="274" count="0" type="stmt"/>
      <line num="276" count="0" type="stmt"/>
      <line num="277" count="0" type="stmt"/>
      <line num="278" count="0" type="stmt"/>
      <line num="282" count="0" type="stmt"/>
      <line num="284" count="121" type="stmt"/>
      <line num="285" count="121" type="stmt"/>
      <line num="290" count="0" type="stmt"/>
      <line num="291" count="0" type="stmt"/>
      <line num="295" count="26" type="stmt"/>
      <line num="296" count="26" type="stmt"/>
      <line num="300" count="37" type="stmt"/>
      <line num="304" count="284" type="cond" truecount="4" falsecount="0"/>
      <line num="305" count="284" type="cond" truecount="1" falsecount="0"/>
      <line num="306" count="261" type="stmt"/>
      <line num="308" count="23" type="stmt"/>
      <line num="312" count="314" type="stmt"/>
      <line num="316" count="0" type="stmt"/>
      <line num="320" count="129" type="cond" truecount="2" falsecount="0"/>
      <line num="323" count="0" type="stmt"/>
      <line num="326" count="12" type="cond" truecount="3" falsecount="0"/>
      <line num="327" count="12" type="stmt"/>
      <line num="329" count="15" type="cond" truecount="2" falsecount="0"/>
      <line num="330" count="11" type="stmt"/>
      <line num="332" count="11" type="cond" truecount="3" falsecount="1"/>
      <line num="333" count="0" type="stmt"/>
      <line num="335" count="11" type="cond" truecount="2" falsecount="0"/>
      <line num="336" count="4" type="stmt"/>
      <line num="339" count="7" type="stmt"/>
      <line num="340" count="7" type="stmt"/>
      <line num="343" count="11" type="stmt"/>
      <line num="344" count="11" type="stmt"/>
      <line num="346" count="4" type="cond" truecount="1" falsecount="1"/>
      <line num="347" count="4" type="stmt"/>
      <line num="348" count="4" type="stmt"/>
      <line num="349" count="4" type="stmt"/>
      <line num="352" count="0" type="stmt"/>
      <line num="359" count="0" type="stmt"/>
      <line num="360" count="0" type="stmt"/>
      <line num="361" count="0" type="stmt"/>
      <line num="362" count="0" type="cond" truecount="0" falsecount="2"/>
      <line num="363" count="0" type="stmt"/>
      <line num="365" count="0" type="cond" truecount="0" falsecount="1"/>
      <line num="366" count="0" type="stmt"/>
      <line num="367" count="0" type="stmt"/>
      <line num="369" count="0" type="stmt"/>
      <line num="370" count="0" type="cond" truecount="0" falsecount="4"/>
      <line num="374" count="0" type="cond" truecount="0" falsecount="1"/>
      <line num="375" count="0" type="cond" truecount="0" falsecount="2"/>
      <line num="376" count="0" type="stmt"/>
      <line num="378" count="0" type="cond" truecount="0" falsecount="1"/>
      <line num="379" count="0" type="stmt"/>
      <line num="383" count="0" type="cond" truecount="0" falsecount="1"/>
      <line num="384" count="0" type="stmt"/>
      <line num="387" count="0" type="stmt"/>
      <line num="388" count="0" type="stmt"/>
      <line num="389" count="0" type="cond" truecount="0" falsecount="1"/>
      <line num="390" count="0" type="stmt"/>
      <line num="393" count="0" type="cond" truecount="0" falsecount="1"/>
      <line num="394" count="0" type="stmt"/>
      <line num="396" count="0" type="stmt"/>
      <line num="399" count="0" type="cond" truecount="0" falsecount="2"/>
      <line num="401" count="0" type="stmt"/>
      <line num="403" count="0" type="stmt"/>
      <line num="404" count="0" type="stmt"/>
      <line num="405" count="0" type="stmt"/>
      <line num="406" count="0" type="stmt"/>
      <line num="410" count="0" type="stmt"/>
      <line num="411" count="0" type="stmt"/>
      <line num="412" count="0" type="stmt"/>
      <line num="413" count="0" type="cond" truecount="0" falsecount="2"/>
      <line num="414" count="0" type="stmt"/>
      <line num="417" count="0" type="stmt"/>
      <line num="420" count="0" type="stmt"/>
      <line num="425" count="114" type="cond" truecount="0" falsecount="1"/>
      <line num="426" count="0" type="stmt"/>
      <line num="429" count="114" type="stmt"/>
      <line num="432" count="0" type="stmt"/>
      <line num="435" count="119" type="stmt"/>
      <line num="439" count="116" type="stmt"/>
      <line num="440" count="20" type="stmt"/>
      <line num="441" count="23" type="cond" truecount="0" falsecount="1"/>
      <line num="442" count="0" type="stmt"/>
      <line num="444" count="23" type="cond" truecount="2" falsecount="1"/>
      <line num="445" count="0" type="stmt"/>
      <line num="450" count="116" type="stmt"/>
      <line num="452" count="116" type="stmt"/>
      <line num="453" count="143" type="cond" truecount="4" falsecount="2"/>
      <line num="457" count="0" type="stmt"/>
      <line num="459" count="143" type="cond" truecount="2" falsecount="0"/>
      <line num="461" count="120" type="cond" truecount="1" falsecount="0"/>
      <line num="462" count="1" type="stmt"/>
      <line num="464" count="119" type="cond" truecount="0" falsecount="1"/>
      <line num="465" count="0" type="stmt"/>
      <line num="467" count="119" type="cond" truecount="3" falsecount="0"/>
      <line num="468" count="1" type="stmt"/>
      <line num="471" count="23" type="cond" truecount="2" falsecount="0"/>
      <line num="472" count="20" type="stmt"/>
      <line num="474" count="3" type="cond" truecount="0" falsecount="1"/>
      <line num="475" count="0" type="cond" truecount="0" falsecount="1"/>
      <line num="476" count="0" type="stmt"/>
      <line num="483" count="145" type="cond" truecount="1" falsecount="1"/>
      <line num="484" count="145" type="stmt"/>
      <line num="487" count="0" type="stmt"/>
      <line num="492" count="1" type="stmt"/>
      <line num="493" count="152" type="cond" truecount="4" falsecount="0"/>
      <line num="494" count="71" type="stmt"/>
      <line num="496" count="81" type="cond" truecount="2" falsecount="0"/>
      <line num="497" count="47" type="stmt"/>
      <line num="499" count="34" type="cond" truecount="2" falsecount="0"/>
      <line num="500" count="30" type="stmt"/>
      <line num="502" count="4" type="cond" truecount="1" falsecount="1"/>
      <line num="503" count="4" type="stmt"/>
      <line num="506" count="0" type="stmt"/>
      <line num="509" count="81" type="stmt"/>
      <line num="512" count="1" type="stmt"/>
      <line num="513" count="259" type="cond" truecount="2" falsecount="0"/>
      <line num="514" count="40" type="cond" truecount="3" falsecount="0"/>
      <line num="515" count="20" type="stmt"/>
      <line num="518" count="219" type="cond" truecount="2" falsecount="0"/>
      <line num="519" count="8" type="cond" truecount="3" falsecount="0"/>
      <line num="520" count="2" type="stmt"/>
      <line num="523" count="211" type="cond" truecount="2" falsecount="0"/>
      <line num="524" count="86" type="cond" truecount="3" falsecount="1"/>
      <line num="526" count="0" type="stmt"/>
      <line num="529" count="125" type="cond" truecount="2" falsecount="1"/>
      <line num="530" count="0" type="stmt"/>
      <line num="533" count="237" type="stmt"/>
      <line num="536" count="1" type="stmt"/>
      <line num="537" count="15" type="cond" truecount="0" falsecount="1"/>
      <line num="539" count="0" type="cond" truecount="0" falsecount="2"/>
      <line num="540" count="0" type="stmt"/>
      <line num="543" count="0" type="stmt"/>
      <line num="545" count="0" type="stmt"/>
      <line num="549" count="1" type="stmt"/>
      <line num="550" count="35" type="stmt"/>
      <line num="552" count="35" type="cond" truecount="1" falsecount="0"/>
      <line num="553" count="6" type="cond" truecount="1" falsecount="1"/>
      <line num="554" count="6" type="cond" truecount="1" falsecount="0"/>
      <line num="555" count="2" type="stmt"/>
      <line num="558" count="33" type="cond" truecount="1" falsecount="0"/>
      <line num="559" count="6" type="cond" truecount="1" falsecount="1"/>
      <line num="560" count="6" type="cond" truecount="1" falsecount="0"/>
      <line num="561" count="2" type="stmt"/>
      <line num="565" count="31" type="stmt"/>
      <line num="568" count="1" type="stmt"/>
      <line num="569" count="148" type="stmt"/>
      <line num="570" count="148" type="stmt"/>
      <line num="572" count="148" type="cond" truecount="5" falsecount="0"/>
      <line num="573" count="1" type="stmt"/>
      <line num="575" count="147" type="cond" truecount="5" falsecount="0"/>
      <line num="576" count="2" type="stmt"/>
      <line num="578" count="145" type="cond" truecount="4" falsecount="0"/>
      <line num="579" count="5" type="stmt"/>
      <line num="581" count="140" type="cond" truecount="2" falsecount="0"/>
      <line num="582" count="10" type="cond" truecount="1" falsecount="0"/>
      <line num="583" count="2" type="stmt"/>
      <line num="585" count="10" type="cond" truecount="0" falsecount="1"/>
      <line num="586" count="0" type="stmt"/>
      <line num="588" count="10" type="cond" truecount="1" falsecount="0"/>
      <line num="589" count="3" type="stmt"/>
      <line num="592" count="130" type="cond" truecount="3" falsecount="0"/>
      <line num="593" count="7" type="cond" truecount="0" falsecount="1"/>
      <line num="594" count="0" type="stmt"/>
      <line num="598" count="7" type="cond" truecount="1" falsecount="1"/>
      <line num="600" count="0" type="stmt"/>
      <line num="602" count="7" type="cond" truecount="1" falsecount="0"/>
      <line num="603" count="2" type="cond" truecount="2" falsecount="0"/>
      <line num="607" count="135" type="stmt"/>
    </file>
  </project>
</coverage>
