<?xml version="1.0" encoding="UTF-8"?>
<coverage generated="1711584874174" clover="3.2.0">
  <project timestamp="1711584874174" name="All files">
    <metrics statements="297" coveredstatements="217" conditionals="224" coveredconditionals="167" methods="33" coveredmethods="25" elements="554" coveredelements="409" complexity="0" loc="297" ncloc="297" packages="1" files="1" classes="1"/>
    <file name="questioner.mjs" path="/Users/zane/playground/question-and-answer/src/lib/questioner.mjs">
      <metrics statements="297" coveredstatements="217" conditionals="224" coveredconditionals="167" methods="33" coveredmethods="25"/>
      <line num="1" count="37" type="cond" truecount="6" falsecount="0"/>
      <line num="16" count="1" type="stmt"/>
      <line num="18" count="1" type="stmt"/>
      <line num="19" count="1" type="stmt"/>
      <line num="20" count="1" type="stmt"/>
      <line num="22" count="1" type="stmt"/>
      <line num="25" count="1" type="stmt"/>
      <line num="26" count="1" type="stmt"/>
      <line num="27" count="1" type="stmt"/>
      <line num="29" count="1" type="stmt"/>
      <line num="33" count="108" type="stmt"/>
      <line num="57" count="1404" type="stmt"/>
      <line num="58" count="108" type="stmt"/>
      <line num="59" count="108" type="cond" truecount="1" falsecount="0"/>
      <line num="60" count="8" type="stmt"/>
      <line num="61" count="8" type="stmt"/>
      <line num="63" count="108" type="stmt"/>
      <line num="64" count="108" type="stmt"/>
      <line num="65" count="108" type="stmt"/>
      <line num="66" count="108" type="stmt"/>
      <line num="68" count="108" type="stmt"/>
      <line num="70" count="106" type="stmt"/>
      <line num="71" count="106" type="stmt"/>
      <line num="72" count="133" type="stmt"/>
      <line num="73" count="133" type="stmt"/>
      <line num="80" count="134" type="stmt"/>
      <line num="82" count="134" type="stmt"/>
      <line num="84" count="134" type="stmt"/>
      <line num="85" count="134" type="stmt"/>
      <line num="86" count="134" type="stmt"/>
      <line num="92" count="120" type="stmt"/>
      <line num="94" count="120" type="stmt"/>
      <line num="95" count="120" type="cond" truecount="2" falsecount="0"/>
      <line num="96" count="120" type="cond" truecount="2" falsecount="0"/>
      <line num="97" count="120" type="cond" truecount="0" falsecount="1"/>
      <line num="98" count="0" type="stmt"/>
      <line num="101" count="120" type="stmt"/>
      <line num="102" count="120" type="stmt"/>
      <line num="103" count="120" type="cond" truecount="2" falsecount="0"/>
      <line num="104" count="112" type="cond" truecount="2" falsecount="0"/>
      <line num="105" count="16" type="cond" truecount="5" falsecount="0"/>
      <line num="106" count="4" type="cond" truecount="1" falsecount="1"/>
      <line num="109" count="12" type="stmt"/>
      <line num="112" count="96" type="cond" truecount="2" falsecount="0"/>
      <line num="113" count="88" type="stmt"/>
      <line num="114" count="88" type="stmt"/>
      <line num="116" count="8" type="cond" truecount="4" falsecount="0"/>
      <line num="117" count="1" type="stmt"/>
      <line num="121" count="112" type="stmt"/>
      <line num="124" count="8" type="stmt"/>
      <line num="125" count="16" type="stmt"/>
      <line num="126" count="8" type="stmt"/>
      <line num="127" count="8" type="cond" truecount="0" falsecount="1"/>
      <line num="128" count="0" type="stmt"/>
      <line num="129" count="0" type="cond" truecount="0" falsecount="2"/>
      <line num="130" count="0" type="stmt"/>
      <line num="133" count="0" type="stmt"/>
      <line num="138" count="120" type="cond" truecount="1" falsecount="0"/>
      <line num="139" count="35" type="cond" truecount="2" falsecount="0"/>
      <line num="140" count="35" type="cond" truecount="2" falsecount="0"/>
      <line num="143" count="120" type="stmt"/>
      <line num="147" count="120" type="stmt"/>
      <line num="148" count="120" type="cond" truecount="3" falsecount="0"/>
      <line num="149" count="120" type="cond" truecount="1" falsecount="1"/>
      <line num="150" count="0" type="stmt"/>
      <line num="151" count="0" type="stmt"/>
      <line num="153" count="120" type="cond" truecount="2" falsecount="0"/>
      <line num="154" count="2" type="stmt"/>
      <line num="157" count="118" type="stmt"/>
      <line num="159" count="120" type="stmt"/>
      <line num="162" count="120" type="cond" truecount="6" falsecount="0"/>
      <line num="163" count="120" type="cond" truecount="2" falsecount="0"/>
      <line num="165" count="120" type="stmt"/>
      <line num="166" count="120" type="cond" truecount="1" falsecount="0"/>
      <line num="167" count="35" type="stmt"/>
      <line num="169" count="120" type="stmt"/>
      <line num="170" count="120" type="cond" truecount="1" falsecount="0"/>
      <line num="171" count="116" type="stmt"/>
      <line num="172" count="144" type="cond" truecount="2" falsecount="0"/>
      <line num="174" count="129" type="stmt"/>
      <line num="175" count="129" type="cond" truecount="1" falsecount="0"/>
      <line num="176" count="128" type="stmt"/>
      <line num="177" count="128" type="stmt"/>
      <line num="178" count="128" type="stmt"/>
      <line num="182" count="15" type="stmt"/>
      <line num="183" count="15" type="cond" truecount="5" falsecount="1"/>
      <line num="184" count="0" type="stmt"/>
      <line num="187" count="15" type="stmt"/>
      <line num="188" count="15" type="stmt"/>
      <line num="189" count="15" type="stmt"/>
      <line num="193" count="144" type="cond" truecount="1" falsecount="0"/>
      <line num="197" count="120" type="cond" truecount="2" falsecount="0"/>
      <line num="198" count="102" type="stmt"/>
      <line num="199" count="102" type="cond" truecount="2" falsecount="0"/>
      <line num="200" count="102" type="stmt"/>
      <line num="203" count="18" type="stmt"/>
      <line num="204" count="18" type="stmt"/>
      <line num="205" count="18" type="stmt"/>
      <line num="206" count="18" type="stmt"/>
      <line num="207" count="18" type="stmt"/>
      <line num="210" count="120" type="stmt"/>
      <line num="214" count="106" type="stmt"/>
      <line num="215" count="106" type="stmt"/>
      <line num="217" count="133" type="cond" truecount="3" falsecount="0"/>
      <line num="218" count="12" type="stmt"/>
      <line num="219" count="12" type="cond" truecount="2" falsecount="0"/>
      <line num="220" count="1" type="stmt"/>
      <line num="222" count="11" type="cond" truecount="2" falsecount="0"/>
      <line num="223" count="1" type="stmt"/>
      <line num="231" count="10" type="stmt"/>
      <line num="233" count="12" type="stmt"/>
      <line num="238" count="121" type="cond" truecount="3" falsecount="0"/>
      <line num="240" count="121" type="cond" truecount="1" falsecount="0"/>
      <line num="241" count="5" type="stmt"/>
      <line num="242" count="5" type="stmt"/>
      <line num="243" count="5" type="stmt"/>
      <line num="244" count="5" type="stmt"/>
      <line num="247" count="116" type="cond" truecount="1" falsecount="0"/>
      <line num="248" count="15" type="stmt"/>
      <line num="250" count="116" type="cond" truecount="2" falsecount="0"/>
      <line num="251" count="102" type="stmt"/>
      <line num="253" count="14" type="cond" truecount="2" falsecount="0"/>
      <line num="254" count="12" type="stmt"/>
      <line num="256" count="2" type="cond" truecount="1" falsecount="1"/>
      <line num="257" count="2" type="stmt"/>
      <line num="259" count="0" type="cond" truecount="0" falsecount="2"/>
      <line num="260" count="0" type="stmt"/>
      <line num="261" count="0" type="cond" truecount="0" falsecount="4"/>
      <line num="262" count="0" type="stmt"/>
      <line num="264" count="0" type="cond" truecount="0" falsecount="1"/>
      <line num="265" count="0" type="stmt"/>
      <line num="266" count="0" type="stmt"/>
      <line num="267" count="0" type="stmt"/>
      <line num="269" count="0" type="stmt"/>
      <line num="270" count="0" type="stmt"/>
      <line num="271" count="0" type="stmt"/>
      <line num="275" count="0" type="stmt"/>
      <line num="277" count="116" type="stmt"/>
      <line num="282" count="0" type="stmt"/>
      <line num="283" count="0" type="stmt"/>
      <line num="287" count="26" type="stmt"/>
      <line num="288" count="26" type="stmt"/>
      <line num="292" count="37" type="stmt"/>
      <line num="296" count="254" type="cond" truecount="4" falsecount="0"/>
      <line num="297" count="254" type="cond" truecount="1" falsecount="0"/>
      <line num="298" count="245" type="stmt"/>
      <line num="300" count="9" type="stmt"/>
      <line num="304" count="281" type="stmt"/>
      <line num="308" count="0" type="stmt"/>
      <line num="312" count="121" type="cond" truecount="2" falsecount="0"/>
      <line num="315" count="0" type="stmt"/>
      <line num="318" count="12" type="cond" truecount="3" falsecount="0"/>
      <line num="319" count="12" type="stmt"/>
      <line num="321" count="15" type="cond" truecount="2" falsecount="0"/>
      <line num="322" count="11" type="stmt"/>
      <line num="324" count="11" type="cond" truecount="3" falsecount="1"/>
      <line num="325" count="0" type="stmt"/>
      <line num="327" count="11" type="cond" truecount="2" falsecount="0"/>
      <line num="328" count="4" type="stmt"/>
      <line num="331" count="7" type="stmt"/>
      <line num="332" count="7" type="stmt"/>
      <line num="335" count="11" type="stmt"/>
      <line num="336" count="11" type="stmt"/>
      <line num="338" count="4" type="cond" truecount="1" falsecount="1"/>
      <line num="339" count="4" type="stmt"/>
      <line num="340" count="4" type="stmt"/>
      <line num="341" count="4" type="stmt"/>
      <line num="344" count="0" type="stmt"/>
      <line num="351" count="0" type="stmt"/>
      <line num="352" count="0" type="stmt"/>
      <line num="353" count="0" type="stmt"/>
      <line num="354" count="0" type="cond" truecount="0" falsecount="2"/>
      <line num="355" count="0" type="stmt"/>
      <line num="357" count="0" type="cond" truecount="0" falsecount="1"/>
      <line num="358" count="0" type="stmt"/>
      <line num="359" count="0" type="stmt"/>
      <line num="361" count="0" type="stmt"/>
      <line num="362" count="0" type="cond" truecount="0" falsecount="4"/>
      <line num="366" count="0" type="cond" truecount="0" falsecount="1"/>
      <line num="367" count="0" type="cond" truecount="0" falsecount="2"/>
      <line num="368" count="0" type="stmt"/>
      <line num="370" count="0" type="cond" truecount="0" falsecount="1"/>
      <line num="371" count="0" type="stmt"/>
      <line num="375" count="0" type="cond" truecount="0" falsecount="1"/>
      <line num="376" count="0" type="stmt"/>
      <line num="379" count="0" type="stmt"/>
      <line num="380" count="0" type="stmt"/>
      <line num="381" count="0" type="cond" truecount="0" falsecount="1"/>
      <line num="382" count="0" type="stmt"/>
      <line num="385" count="0" type="cond" truecount="0" falsecount="1"/>
      <line num="386" count="0" type="stmt"/>
      <line num="388" count="0" type="stmt"/>
      <line num="391" count="0" type="cond" truecount="0" falsecount="2"/>
      <line num="393" count="0" type="stmt"/>
      <line num="395" count="0" type="stmt"/>
      <line num="396" count="0" type="stmt"/>
      <line num="397" count="0" type="stmt"/>
      <line num="398" count="0" type="stmt"/>
      <line num="402" count="0" type="stmt"/>
      <line num="403" count="0" type="stmt"/>
      <line num="404" count="0" type="stmt"/>
      <line num="405" count="0" type="cond" truecount="0" falsecount="2"/>
      <line num="406" count="0" type="stmt"/>
      <line num="409" count="0" type="stmt"/>
      <line num="412" count="0" type="stmt"/>
      <line num="417" count="106" type="cond" truecount="0" falsecount="1"/>
      <line num="418" count="0" type="stmt"/>
      <line num="421" count="106" type="stmt"/>
      <line num="424" count="0" type="stmt"/>
      <line num="427" count="119" type="stmt"/>
      <line num="431" count="108" type="stmt"/>
      <line num="432" count="20" type="stmt"/>
      <line num="433" count="23" type="cond" truecount="0" falsecount="1"/>
      <line num="434" count="0" type="stmt"/>
      <line num="436" count="23" type="cond" truecount="2" falsecount="1"/>
      <line num="437" count="0" type="stmt"/>
      <line num="442" count="108" type="stmt"/>
      <line num="444" count="108" type="stmt"/>
      <line num="445" count="135" type="cond" truecount="4" falsecount="2"/>
      <line num="449" count="0" type="stmt"/>
      <line num="451" count="135" type="cond" truecount="2" falsecount="0"/>
      <line num="453" count="112" type="cond" truecount="1" falsecount="0"/>
      <line num="454" count="1" type="stmt"/>
      <line num="456" count="111" type="cond" truecount="0" falsecount="1"/>
      <line num="457" count="0" type="stmt"/>
      <line num="459" count="111" type="cond" truecount="3" falsecount="0"/>
      <line num="460" count="1" type="stmt"/>
      <line num="463" count="23" type="cond" truecount="2" falsecount="0"/>
      <line num="464" count="20" type="stmt"/>
      <line num="466" count="3" type="cond" truecount="0" falsecount="1"/>
      <line num="467" count="0" type="cond" truecount="0" falsecount="1"/>
      <line num="468" count="0" type="stmt"/>
      <line num="475" count="1" type="stmt"/>
      <line num="476" count="144" type="cond" truecount="4" falsecount="0"/>
      <line num="477" count="71" type="stmt"/>
      <line num="479" count="73" type="cond" truecount="2" falsecount="0"/>
      <line num="480" count="44" type="stmt"/>
      <line num="482" count="29" type="cond" truecount="2" falsecount="0"/>
      <line num="483" count="27" type="stmt"/>
      <line num="485" count="2" type="cond" truecount="1" falsecount="1"/>
      <line num="486" count="2" type="stmt"/>
      <line num="489" count="0" type="stmt"/>
      <line num="492" count="73" type="stmt"/>
      <line num="495" count="1" type="stmt"/>
      <line num="496" count="249" type="cond" truecount="2" falsecount="0"/>
      <line num="497" count="38" type="cond" truecount="3" falsecount="0"/>
      <line num="498" count="17" type="stmt"/>
      <line num="501" count="211" type="cond" truecount="2" falsecount="0"/>
      <line num="502" count="4" type="cond" truecount="3" falsecount="0"/>
      <line num="503" count="2" type="stmt"/>
      <line num="506" count="207" type="cond" truecount="2" falsecount="0"/>
      <line num="507" count="82" type="cond" truecount="4" falsecount="0"/>
      <line num="508" count="37" type="stmt"/>
      <line num="511" count="125" type="cond" truecount="2" falsecount="1"/>
      <line num="512" count="0" type="stmt"/>
      <line num="515" count="193" type="stmt"/>
      <line num="518" count="1" type="stmt"/>
      <line num="519" count="15" type="cond" truecount="0" falsecount="1"/>
      <line num="521" count="0" type="cond" truecount="0" falsecount="2"/>
      <line num="522" count="0" type="stmt"/>
      <line num="525" count="0" type="stmt"/>
      <line num="527" count="0" type="stmt"/>
      <line num="531" count="1" type="stmt"/>
      <line num="532" count="35" type="stmt"/>
      <line num="534" count="35" type="cond" truecount="1" falsecount="0"/>
      <line num="535" count="6" type="cond" truecount="1" falsecount="1"/>
      <line num="536" count="6" type="cond" truecount="1" falsecount="0"/>
      <line num="537" count="2" type="stmt"/>
      <line num="540" count="33" type="cond" truecount="1" falsecount="0"/>
      <line num="541" count="6" type="cond" truecount="1" falsecount="1"/>
      <line num="542" count="6" type="cond" truecount="1" falsecount="0"/>
      <line num="543" count="2" type="stmt"/>
      <line num="547" count="31" type="stmt"/>
      <line num="550" count="1" type="stmt"/>
      <line num="551" count="143" type="stmt"/>
      <line num="552" count="143" type="stmt"/>
      <line num="554" count="143" type="cond" truecount="5" falsecount="0"/>
      <line num="555" count="1" type="stmt"/>
      <line num="557" count="142" type="cond" truecount="5" falsecount="0"/>
      <line num="558" count="2" type="stmt"/>
      <line num="560" count="140" type="cond" truecount="4" falsecount="0"/>
      <line num="561" count="5" type="stmt"/>
      <line num="563" count="135" type="cond" truecount="2" falsecount="0"/>
      <line num="564" count="10" type="cond" truecount="1" falsecount="0"/>
      <line num="565" count="2" type="stmt"/>
      <line num="567" count="10" type="cond" truecount="0" falsecount="1"/>
      <line num="568" count="0" type="stmt"/>
      <line num="570" count="10" type="cond" truecount="1" falsecount="0"/>
      <line num="571" count="3" type="stmt"/>
      <line num="574" count="125" type="cond" truecount="1" falsecount="0"/>
      <line num="575" count="7" type="cond" truecount="0" falsecount="1"/>
      <line num="576" count="0" type="stmt"/>
      <line num="580" count="7" type="stmt"/>
      <line num="582" count="0" type="stmt"/>
      <line num="585" count="7" type="cond" truecount="1" falsecount="0"/>
      <line num="586" count="2" type="stmt"/>
      <line num="590" count="130" type="stmt"/>
    </file>
  </project>
</coverage>
