{"/Users/zane/playground/liquid-labs/question-and-answer/src/lib/questioner.mjs": {"path":"/Users/zane/playground/liquid-labs/question-and-answer/src/lib/questioner.mjs","statementMap":{"0":{"start":{"line":14,"column":0},"end":{"line":14,"column":null}},"1":{"start":{"line":16,"column":0},"end":{"line":16,"column":null}},"2":{"start":{"line":17,"column":0},"end":{"line":17,"column":null}},"3":{"start":{"line":18,"column":0},"end":{"line":18,"column":null}},"4":{"start":{"line":24,"column":0},"end":{"line":24,"column":null}},"5":{"start":{"line":26,"column":0},"end":{"line":26,"column":null}},"6":{"start":{"line":28,"column":0},"end":{"line":28,"column":null}},"7":{"start":{"line":29,"column":0},"end":{"line":29,"column":52}},"8":{"start":{"line":1,"column":0},"end":{"line":1,"column":null}},"9":{"start":{"line":32,"column":14},"end":{"line":32,"column":27}},"10":{"start":{"line":33,"column":23},"end":{"line":33,"column":45}},"11":{"start":{"line":34,"column":21},"end":{"line":34,"column":40}},"12":{"start":{"line":36,"column":16},"end":{"line":749,"column":null}},"13":{"start":{"line":64,"column":10},"end":{"line":64,"column":null}},"14":{"start":{"line":84,"column":2},"end":{"line":84,"column":null}},"15":{"start":{"line":84,"column":2},"end":{"line":40,"column":null}},"16":{"start":{"line":40,"column":20},"end":{"line":40,"column":null}},"17":{"start":{"line":40,"column":20},"end":{"line":42,"column":null}},"18":{"start":{"line":65,"column":4},"end":{"line":65,"column":null}},"19":{"start":{"line":66,"column":4},"end":{"line":69,"column":null}},"20":{"start":{"line":67,"column":20},"end":{"line":67,"column":44}},"21":{"start":{"line":68,"column":6},"end":{"line":68,"column":null}},"22":{"start":{"line":70,"column":4},"end":{"line":70,"column":null}},"23":{"start":{"line":71,"column":4},"end":{"line":71,"column":null}},"24":{"start":{"line":72,"column":4},"end":{"line":72,"column":null}},"25":{"start":{"line":73,"column":4},"end":{"line":73,"column":null}},"26":{"start":{"line":75,"column":4},"end":{"line":75,"column":null}},"27":{"start":{"line":77,"column":16},"end":{"line":77,"column":17}},"28":{"start":{"line":78,"column":4},"end":{"line":81,"column":null}},"29":{"start":{"line":79,"column":6},"end":{"line":79,"column":null}},"30":{"start":{"line":80,"column":6},"end":{"line":80,"column":null}},"31":{"start":{"line":432,"column":13},"end":{"line":432,"column":48}},"32":{"start":{"line":433,"column":4},"end":{"line":436,"column":null}},"33":{"start":{"line":435,"column":6},"end":{"line":435,"column":null}},"34":{"start":{"line":438,"column":4},"end":{"line":438,"column":null}},"35":{"start":{"line":442,"column":4},"end":{"line":442,"column":null}},"36":{"start":{"line":442,"column":37},"end":{"line":442,"column":62}},"37":{"start":{"line":451,"column":6},"end":{"line":452,"column":45}},"38":{"start":{"line":451,"column":32},"end":{"line":451,"column":57}},"39":{"start":{"line":454,"column":4},"end":{"line":454,"column":null}},"40":{"start":{"line":458,"column":18},"end":{"line":458,"column":45}},"41":{"start":{"line":460,"column":4},"end":{"line":462,"column":null}},"42":{"start":{"line":461,"column":6},"end":{"line":461,"column":null}},"43":{"start":{"line":464,"column":4},"end":{"line":464,"column":null}},"44":{"start":{"line":587,"column":4},"end":{"line":587,"column":null}},"45":{"start":{"line":591,"column":4},"end":{"line":591,"column":null}},"46":{"start":{"line":595,"column":4},"end":{"line":599,"column":null}},"47":{"start":{"line":596,"column":6},"end":{"line":596,"column":null}},"48":{"start":{"line":598,"column":6},"end":{"line":598,"column":null}},"49":{"start":{"line":95,"column":4},"end":{"line":97,"column":null}},"50":{"start":{"line":96,"column":6},"end":{"line":96,"column":null}},"51":{"start":{"line":101,"column":19},"end":{"line":101,"column":60}},"52":{"start":{"line":104,"column":4},"end":{"line":104,"column":null}},"53":{"start":{"line":105,"column":4},"end":{"line":105,"column":null}},"54":{"start":{"line":106,"column":4},"end":{"line":106,"column":null}},"55":{"start":{"line":108,"column":4},"end":{"line":108,"column":null}},"56":{"start":{"line":114,"column":15},"end":{"line":118,"column":6}},"57":{"start":{"line":120,"column":4},"end":{"line":283,"column":null}},"58":{"start":{"line":121,"column":19},"end":{"line":121,"column":40}},"59":{"start":{"line":124,"column":6},"end":{"line":134,"column":null}},"60":{"start":{"line":125,"column":8},"end":{"line":125,"column":null}},"61":{"start":{"line":127,"column":11},"end":{"line":134,"column":null}},"62":{"start":{"line":129,"column":27},"end":{"line":129,"column":48}},"63":{"start":{"line":130,"column":8},"end":{"line":130,"column":null}},"64":{"start":{"line":133,"column":8},"end":{"line":133,"column":null}},"65":{"start":{"line":135,"column":6},"end":{"line":140,"column":null}},"66":{"start":{"line":136,"column":21},"end":{"line":136,"column":null}},"67":{"start":{"line":139,"column":9},"end":{"line":139,"column":null}},"68":{"start":{"line":142,"column":19},"end":{"line":142,"column":27}},"69":{"start":{"line":143,"column":17},"end":{"line":143,"column":19}},"70":{"start":{"line":144,"column":6},"end":{"line":174,"column":null}},"71":{"start":{"line":145,"column":8},"end":{"line":160,"column":null}},"72":{"start":{"line":147,"column":10},"end":{"line":147,"column":null}},"73":{"start":{"line":148,"column":10},"end":{"line":148,"column":63}},"74":{"start":{"line":150,"column":13},"end":{"line":160,"column":null}},"75":{"start":{"line":151,"column":10},"end":{"line":156,"column":null}},"76":{"start":{"line":152,"column":12},"end":{"line":152,"column":null}},"77":{"start":{"line":155,"column":12},"end":{"line":155,"column":null}},"78":{"start":{"line":158,"column":13},"end":{"line":160,"column":null}},"79":{"start":{"line":159,"column":10},"end":{"line":159,"column":null}},"80":{"start":{"line":163,"column":8},"end":{"line":163,"column":null}},"81":{"start":{"line":167,"column":8},"end":{"line":167,"column":null}},"82":{"start":{"line":168,"column":8},"end":{"line":170,"column":null}},"83":{"start":{"line":169,"column":10},"end":{"line":169,"column":null}},"84":{"start":{"line":171,"column":8},"end":{"line":171,"column":null}},"85":{"start":{"line":172,"column":27},"end":{"line":172,"column":68}},"86":{"start":{"line":172,"column":51},"end":{"line":172,"column":67}},"87":{"start":{"line":173,"column":8},"end":{"line":173,"column":null}},"88":{"start":{"line":176,"column":6},"end":{"line":179,"column":null}},"89":{"start":{"line":177,"column":24},"end":{"line":177,"column":80}},"90":{"start":{"line":178,"column":8},"end":{"line":178,"column":null}},"91":{"start":{"line":181,"column":6},"end":{"line":181,"column":null}},"92":{"start":{"line":185,"column":17},"end":{"line":185,"column":43}},"93":{"start":{"line":186,"column":19},"end":{"line":186,"column":55}},"94":{"start":{"line":187,"column":6},"end":{"line":193,"column":null}},"95":{"start":{"line":188,"column":8},"end":{"line":188,"column":null}},"96":{"start":{"line":189,"column":8},"end":{"line":189,"column":null}},"97":{"start":{"line":192,"column":8},"end":{"line":192,"column":null}},"98":{"start":{"line":195,"column":28},"end":{"line":200,"column":7}},"99":{"start":{"line":196,"column":24},"end":{"line":196,"column":47}},"100":{"start":{"line":197,"column":8},"end":{"line":197,"column":null}},"101":{"start":{"line":198,"column":8},"end":{"line":198,"column":19}},"102":{"start":{"line":199,"column":8},"end":{"line":199,"column":null}},"103":{"start":{"line":202,"column":21},"end":{"line":202,"column":23}},"104":{"start":{"line":203,"column":33},"end":{"line":204,"column":76}},"105":{"start":{"line":204,"column":8},"end":{"line":204,"column":76}},"106":{"start":{"line":206,"column":6},"end":{"line":273,"column":null}},"107":{"start":{"line":207,"column":8},"end":{"line":223,"column":null}},"108":{"start":{"line":208,"column":10},"end":{"line":213,"column":null}},"109":{"start":{"line":209,"column":12},"end":{"line":209,"column":null}},"110":{"start":{"line":212,"column":12},"end":{"line":212,"column":null}},"111":{"start":{"line":218,"column":12},"end":{"line":220,"column":68}},"112":{"start":{"line":222,"column":10},"end":{"line":222,"column":null}},"113":{"start":{"line":228,"column":10},"end":{"line":231,"column":18}},"114":{"start":{"line":234,"column":10},"end":{"line":236,"column":22}},"115":{"start":{"line":238,"column":8},"end":{"line":272,"column":null}},"116":{"start":{"line":239,"column":10},"end":{"line":271,"column":null}},"117":{"start":{"line":240,"column":35},"end":{"line":244,"column":14}},"118":{"start":{"line":245,"column":12},"end":{"line":252,"column":null}},"119":{"start":{"line":246,"column":14},"end":{"line":246,"column":null}},"120":{"start":{"line":249,"column":14},"end":{"line":249,"column":null}},"121":{"start":{"line":251,"column":14},"end":{"line":251,"column":null}},"122":{"start":{"line":256,"column":40},"end":{"line":263,"column":14}},"123":{"start":{"line":264,"column":12},"end":{"line":268,"column":13}},"124":{"start":{"line":265,"column":14},"end":{"line":265,"column":null}},"125":{"start":{"line":267,"column":14},"end":{"line":267,"column":null}},"126":{"start":{"line":269,"column":26},"end":{"line":269,"column":51}},"127":{"start":{"line":270,"column":12},"end":{"line":270,"column":null}},"128":{"start":{"line":276,"column":6},"end":{"line":276,"column":null}},"129":{"start":{"line":277,"column":20},"end":{"line":277,"column":62}},"130":{"start":{"line":278,"column":6},"end":{"line":278,"column":null}},"131":{"start":{"line":282,"column":6},"end":{"line":282,"column":null}},"132":{"start":{"line":287,"column":16},"end":{"line":287,"column":20}},"133":{"start":{"line":289,"column":4},"end":{"line":412,"column":5}},"134":{"start":{"line":291,"column":6},"end":{"line":326,"column":null}},"135":{"start":{"line":295,"column":8},"end":{"line":295,"column":null}},"136":{"start":{"line":296,"column":21},"end":{"line":296,"column":47}},"137":{"start":{"line":297,"column":8},"end":{"line":324,"column":null}},"138":{"start":{"line":298,"column":32},"end":{"line":298,"column":38}},"139":{"start":{"line":300,"column":12},"end":{"line":302,"column":25}},"140":{"start":{"line":303,"column":10},"end":{"line":303,"column":null}},"141":{"start":{"line":305,"column":13},"end":{"line":324,"column":null}},"142":{"start":{"line":306,"column":23},"end":{"line":306,"column":49}},"143":{"start":{"line":308,"column":12},"end":{"line":310,"column":51}},"144":{"start":{"line":311,"column":26},"end":{"line":319,"column":12}},"145":{"start":{"line":320,"column":10},"end":{"line":320,"column":null}},"146":{"start":{"line":323,"column":10},"end":{"line":323,"column":null}},"147":{"start":{"line":325,"column":8},"end":{"line":325,"column":null}},"148":{"start":{"line":329,"column":8},"end":{"line":331,"column":46}},"149":{"start":{"line":333,"column":6},"end":{"line":409,"column":7}},"150":{"start":{"line":335,"column":8},"end":{"line":335,"column":null}},"151":{"start":{"line":338,"column":21},"end":{"line":338,"column":47}},"152":{"start":{"line":339,"column":22},"end":{"line":339,"column":48}},"153":{"start":{"line":341,"column":24},"end":{"line":350,"column":10}},"154":{"start":{"line":369,"column":8},"end":{"line":369,"column":null}},"155":{"start":{"line":374,"column":8},"end":{"line":376,"column":null}},"156":{"start":{"line":375,"column":10},"end":{"line":375,"column":null}},"157":{"start":{"line":377,"column":8},"end":{"line":408,"column":null}},"158":{"start":{"line":379,"column":10},"end":{"line":379,"column":null}},"159":{"start":{"line":381,"column":13},"end":{"line":408,"column":null}},"160":{"start":{"line":383,"column":10},"end":{"line":383,"column":null}},"161":{"start":{"line":385,"column":13},"end":{"line":408,"column":null}},"162":{"start":{"line":387,"column":10},"end":{"line":387,"column":null}},"163":{"start":{"line":392,"column":37},"end":{"line":392,"column":70}},"164":{"start":{"line":393,"column":10},"end":{"line":407,"column":null}},"165":{"start":{"line":395,"column":12},"end":{"line":395,"column":null}},"166":{"start":{"line":397,"column":15},"end":{"line":407,"column":null}},"167":{"start":{"line":398,"column":26},"end":{"line":402,"column":18}},"168":{"start":{"line":399,"column":14},"end":{"line":399,"column":null}},"169":{"start":{"line":401,"column":14},"end":{"line":401,"column":null}},"170":{"start":{"line":403,"column":12},"end":{"line":403,"column":null}},"171":{"start":{"line":403,"column":56},"end":{"line":403,"column":79}},"172":{"start":{"line":406,"column":12},"end":{"line":406,"column":null}},"173":{"start":{"line":410,"column":6},"end":{"line":410,"column":null}},"174":{"start":{"line":411,"column":6},"end":{"line":411,"column":null}},"175":{"start":{"line":416,"column":22},"end":{"line":416,"column":72}},"176":{"start":{"line":418,"column":4},"end":{"line":418,"column":null}},"177":{"start":{"line":422,"column":22},"end":{"line":422,"column":72}},"178":{"start":{"line":424,"column":4},"end":{"line":424,"column":null}},"179":{"start":{"line":428,"column":4},"end":{"line":428,"column":null}},"180":{"start":{"line":446,"column":4},"end":{"line":446,"column":null}},"181":{"start":{"line":446,"column":37},"end":{"line":446,"column":55}},"182":{"start":{"line":468,"column":4},"end":{"line":502,"column":null}},"183":{"start":{"line":469,"column":6},"end":{"line":501,"column":null}},"184":{"start":{"line":470,"column":21},"end":{"line":470,"column":44}},"185":{"start":{"line":473,"column":8},"end":{"line":500,"column":null}},"186":{"start":{"line":477,"column":10},"end":{"line":483,"column":null}},"187":{"start":{"line":478,"column":12},"end":{"line":478,"column":null}},"188":{"start":{"line":482,"column":12},"end":{"line":482,"column":null}},"189":{"start":{"line":485,"column":10},"end":{"line":485,"column":null}},"190":{"start":{"line":486,"column":10},"end":{"line":486,"column":null}},"191":{"start":{"line":490,"column":26},"end":{"line":498,"column":12}},"192":{"start":{"line":499,"column":10},"end":{"line":499,"column":null}},"193":{"start":{"line":506,"column":23},"end":{"line":506,"column":42}},"194":{"start":{"line":507,"column":21},"end":{"line":507,"column":23}},"195":{"start":{"line":508,"column":4},"end":{"line":530,"column":null}},"196":{"start":{"line":509,"column":6},"end":{"line":515,"column":null}},"197":{"start":{"line":510,"column":8},"end":{"line":510,"column":null}},"198":{"start":{"line":512,"column":11},"end":{"line":515,"column":null}},"199":{"start":{"line":513,"column":8},"end":{"line":513,"column":44}},"200":{"start":{"line":514,"column":8},"end":{"line":514,"column":null}},"201":{"start":{"line":516,"column":18},"end":{"line":516,"column":58}},"202":{"start":{"line":518,"column":8},"end":{"line":520,"column":null}},"203":{"start":{"line":522,"column":6},"end":{"line":529,"column":null}},"204":{"start":{"line":523,"column":8},"end":{"line":528,"column":null}},"205":{"start":{"line":524,"column":10},"end":{"line":524,"column":null}},"206":{"start":{"line":526,"column":13},"end":{"line":528,"column":null}},"207":{"start":{"line":527,"column":10},"end":{"line":527,"column":null}},"208":{"start":{"line":531,"column":4},"end":{"line":533,"column":null}},"209":{"start":{"line":532,"column":6},"end":{"line":532,"column":null}},"210":{"start":{"line":535,"column":21},"end":{"line":535,"column":23}},"211":{"start":{"line":536,"column":4},"end":{"line":545,"column":null}},"212":{"start":{"line":537,"column":6},"end":{"line":539,"column":null}},"213":{"start":{"line":538,"column":8},"end":{"line":538,"column":null}},"214":{"start":{"line":541,"column":6},"end":{"line":543,"column":null}},"215":{"start":{"line":542,"column":8},"end":{"line":542,"column":null}},"216":{"start":{"line":544,"column":6},"end":{"line":544,"column":null}},"217":{"start":{"line":547,"column":19},"end":{"line":547,"column":49}},"218":{"start":{"line":548,"column":19},"end":{"line":548,"column":110}},"219":{"start":{"line":550,"column":4},"end":{"line":553,"column":null}},"220":{"start":{"line":555,"column":4},"end":{"line":582,"column":null}},"221":{"start":{"line":556,"column":17},"end":{"line":560,"column":8}},"222":{"start":{"line":561,"column":6},"end":{"line":581,"column":null}},"223":{"start":{"line":562,"column":8},"end":{"line":562,"column":null}},"224":{"start":{"line":564,"column":19},"end":{"line":564,"column":45}},"225":{"start":{"line":565,"column":23},"end":{"line":565,"column":53}},"226":{"start":{"line":566,"column":31},"end":{"line":571,"column":10}},"227":{"start":{"line":572,"column":8},"end":{"line":577,"column":null}},"228":{"start":{"line":573,"column":10},"end":{"line":573,"column":null}},"229":{"start":{"line":576,"column":10},"end":{"line":576,"column":null}},"230":{"start":{"line":580,"column":8},"end":{"line":580,"column":null}},"231":{"start":{"line":603,"column":4},"end":{"line":614,"column":null}},"232":{"start":{"line":608,"column":6},"end":{"line":613,"column":null}},"233":{"start":{"line":616,"column":26},"end":{"line":648,"column":5}},"234":{"start":{"line":617,"column":6},"end":{"line":647,"column":null}},"235":{"start":{"line":618,"column":8},"end":{"line":625,"column":null}},"236":{"start":{"line":619,"column":10},"end":{"line":624,"column":null}},"237":{"start":{"line":626,"column":8},"end":{"line":633,"column":null}},"238":{"start":{"line":627,"column":10},"end":{"line":632,"column":null}},"239":{"start":{"line":634,"column":8},"end":{"line":646,"column":null}},"240":{"start":{"line":635,"column":27},"end":{"line":635,"column":46}},"241":{"start":{"line":637,"column":10},"end":{"line":645,"column":null}},"242":{"start":{"line":638,"column":12},"end":{"line":644,"column":null}},"243":{"start":{"line":650,"column":4},"end":{"line":738,"column":7}},"244":{"start":{"line":651,"column":26},"end":{"line":651,"column":67}},"245":{"start":{"line":652,"column":24},"end":{"line":655,"column":7}},"246":{"start":{"line":653,"column":26},"end":{"line":653,"column":73}},"247":{"start":{"line":657,"column":6},"end":{"line":715,"column":null}},"248":{"start":{"line":658,"column":8},"end":{"line":663,"column":null}},"249":{"start":{"line":665,"column":11},"end":{"line":715,"column":null}},"250":{"start":{"line":666,"column":8},"end":{"line":671,"column":null}},"251":{"start":{"line":673,"column":11},"end":{"line":715,"column":null}},"252":{"start":{"line":675,"column":21},"end":{"line":678,"column":10}},"253":{"start":{"line":680,"column":8},"end":{"line":701,"column":null}},"254":{"start":{"line":681,"column":10},"end":{"line":686,"column":null}},"255":{"start":{"line":688,"column":13},"end":{"line":701,"column":null}},"256":{"start":{"line":690,"column":24},"end":{"line":690,"column":50}},"257":{"start":{"line":691,"column":10},"end":{"line":700,"column":null}},"258":{"start":{"line":703,"column":11},"end":{"line":715,"column":null}},"259":{"start":{"line":704,"column":8},"end":{"line":704,"column":null}},"260":{"start":{"line":706,"column":11},"end":{"line":715,"column":null}},"261":{"start":{"line":707,"column":8},"end":{"line":714,"column":null}},"262":{"start":{"line":708,"column":10},"end":{"line":713,"column":null}},"263":{"start":{"line":717,"column":6},"end":{"line":737,"column":null}},"264":{"start":{"line":718,"column":51},"end":{"line":718,"column":57}},"265":{"start":{"line":719,"column":8},"end":{"line":736,"column":null}},"266":{"start":{"line":720,"column":10},"end":{"line":724,"column":null}},"267":{"start":{"line":726,"column":13},"end":{"line":736,"column":null}},"268":{"start":{"line":730,"column":10},"end":{"line":735,"column":null}},"269":{"start":{"line":742,"column":4},"end":{"line":747,"column":null}},"270":{"start":{"line":743,"column":6},"end":{"line":743,"column":null}},"271":{"start":{"line":746,"column":6},"end":{"line":746,"column":null}},"272":{"start":{"line":751,"column":25},"end":{"line":768,"column":1}},"273":{"start":{"line":752,"column":18},"end":{"line":752,"column":80}},"274":{"start":{"line":753,"column":2},"end":{"line":753,"column":null}},"275":{"start":{"line":754,"column":2},"end":{"line":767,"column":null}},"276":{"start":{"line":755,"column":18},"end":{"line":755,"column":38}},"277":{"start":{"line":757,"column":4},"end":{"line":757,"column":null}},"278":{"start":{"line":760,"column":4},"end":{"line":762,"column":null}},"279":{"start":{"line":761,"column":6},"end":{"line":761,"column":null}},"280":{"start":{"line":764,"column":4},"end":{"line":764,"column":null}},"281":{"start":{"line":766,"column":4},"end":{"line":766,"column":null}}},"fnMap":{"0":{"name":"_getRequireWildcardCache","decl":{"start":{"line":1,"column":0},"end":{"line":1,"column":null}},"loc":{"start":{"line":1,"column":0},"end":{"line":1,"column":null}}},"1":{"name":"(anonymous_3)","decl":{"start":{"line":57,"column":2},"end":{"line":57,"column":13}},"loc":{"start":{"line":64,"column":10},"end":{"line":82,"column":null}}},"2":{"name":"(anonymous_4)","decl":{"start":{"line":431,"column":2},"end":{"line":431,"column":5}},"loc":{"start":{"line":431,"column":17},"end":{"line":439,"column":null}}},"3":{"name":"(anonymous_5)","decl":{"start":{"line":441,"column":2},"end":{"line":441,"column":11}},"loc":{"start":{"line":441,"column":23},"end":{"line":443,"column":null}}},"4":{"name":"(anonymous_6)","decl":{"start":{"line":442,"column":31},"end":{"line":442,"column":32}},"loc":{"start":{"line":442,"column":37},"end":{"line":442,"column":62}}},"5":{"name":"(anonymous_7)","decl":{"start":{"line":449,"column":2},"end":{"line":449,"column":5}},"loc":{"start":{"line":449,"column":17},"end":{"line":455,"column":null}}},"6":{"name":"(anonymous_8)","decl":{"start":{"line":451,"column":26},"end":{"line":451,"column":27}},"loc":{"start":{"line":451,"column":32},"end":{"line":451,"column":57}}},"7":{"name":"(anonymous_9)","decl":{"start":{"line":457,"column":2},"end":{"line":457,"column":6}},"loc":{"start":{"line":457,"column":21},"end":{"line":465,"column":null}}},"8":{"name":"(anonymous_10)","decl":{"start":{"line":585,"column":2},"end":{"line":585,"column":8}},"loc":{"start":{"line":585,"column":19},"end":{"line":588,"column":null}}},"9":{"name":"(anonymous_11)","decl":{"start":{"line":590,"column":2},"end":{"line":590,"column":6}},"loc":{"start":{"line":590,"column":16},"end":{"line":592,"column":null}}},"10":{"name":"(anonymous_12)","decl":{"start":{"line":594,"column":2},"end":{"line":594,"column":6}},"loc":{"start":{"line":594,"column":15},"end":{"line":600,"column":null}}},"11":{"name":"(anonymous_13)","decl":{"start":{"line":595,"column":32},"end":{"line":595,"column":33}},"loc":{"start":{"line":595,"column":63},"end":{"line":599,"column":5}}},"12":{"name":"_addResult2","decl":{"start":{"line":749,"column":1},"end":{"line":749,"column":null}},"loc":{"start":{"line":94,"column":32},"end":{"line":109,"column":3}}},"13":{"name":"_askQuestion2","decl":{"start":{"line":109,"column":3},"end":{"line":109,"column":null}},"loc":{"start":{"line":111,"column":24},"end":{"line":284,"column":3}}},"14":{"name":"(anonymous_16)","decl":{"start":{"line":172,"column":41},"end":{"line":172,"column":42}},"loc":{"start":{"line":172,"column":51},"end":{"line":172,"column":67}}},"15":{"name":"(anonymous_17)","decl":{"start":{"line":195,"column":28},"end":{"line":195,"column":35}},"loc":{"start":{"line":195,"column":45},"end":{"line":200,"column":7}}},"16":{"name":"(anonymous_18)","decl":{"start":{"line":203,"column":33},"end":{"line":203,"column":39}},"loc":{"start":{"line":204,"column":8},"end":{"line":204,"column":76}}},"17":{"name":"_processActions2","decl":{"start":{"line":284,"column":3},"end":{"line":284,"column":null}},"loc":{"start":{"line":286,"column":26},"end":{"line":413,"column":3}}},"18":{"name":"(anonymous_20)","decl":{"start":{"line":398,"column":42},"end":{"line":398,"column":43}},"loc":{"start":{"line":398,"column":54},"end":{"line":402,"column":13}}},"19":{"name":"(anonymous_21)","decl":{"start":{"line":403,"column":50},"end":{"line":403,"column":51}},"loc":{"start":{"line":403,"column":56},"end":{"line":403,"column":79}}},"20":{"name":"_evalNumber2","decl":{"start":{"line":413,"column":3},"end":{"line":413,"column":null}},"loc":{"start":{"line":415,"column":25},"end":{"line":419,"column":3}}},"21":{"name":"_evalTruth2","decl":{"start":{"line":419,"column":3},"end":{"line":419,"column":null}},"loc":{"start":{"line":421,"column":24},"end":{"line":425,"column":3}}},"22":{"name":"_evalParams2","decl":{"start":{"line":425,"column":3},"end":{"line":425,"column":null}},"loc":{"start":{"line":427,"column":16},"end":{"line":429,"column":3}}},"23":{"name":"_getResultByIndex2","decl":{"start":{"line":429,"column":3},"end":{"line":429,"column":null}},"loc":{"start":{"line":445,"column":27},"end":{"line":447,"column":3}}},"24":{"name":"(anonymous_26)","decl":{"start":{"line":446,"column":31},"end":{"line":446,"column":32}},"loc":{"start":{"line":446,"column":37},"end":{"line":446,"column":55}}},"25":{"name":"_processMapping2","decl":{"start":{"line":447,"column":3},"end":{"line":447,"column":null}},"loc":{"start":{"line":467,"column":27},"end":{"line":503,"column":3}}},"26":{"name":"(anonymous_28)","decl":{"start":{"line":469,"column":28},"end":{"line":469,"column":31}},"loc":{"start":{"line":469,"column":36},"end":{"line":501,"column":7}}},"27":{"name":"_processReview2","decl":{"start":{"line":503,"column":3},"end":{"line":503,"column":null}},"loc":{"start":{"line":505,"column":37},"end":{"line":583,"column":3}}},"28":{"name":"_verifyInteractions2","decl":{"start":{"line":583,"column":3},"end":{"line":583,"column":null}},"loc":{"start":{"line":602,"column":24},"end":{"line":739,"column":3}}},"29":{"name":"(anonymous_31)","decl":{"start":{"line":616,"column":26},"end":{"line":616,"column":27}},"loc":{"start":{"line":616,"column":43},"end":{"line":648,"column":5}}},"30":{"name":"(anonymous_32)","decl":{"start":{"line":650,"column":31},"end":{"line":650,"column":32}},"loc":{"start":{"line":650,"column":46},"end":{"line":738,"column":5}}},"31":{"name":"(anonymous_33)","decl":{"start":{"line":653,"column":8},"end":{"line":653,"column":9}},"loc":{"start":{"line":653,"column":26},"end":{"line":653,"column":73}}},"32":{"name":"_write2","decl":{"start":{"line":739,"column":3},"end":{"line":739,"column":null}},"loc":{"start":{"line":741,"column":28},"end":{"line":748,"column":null}}},"33":{"name":"(anonymous_35)","decl":{"start":{"line":751,"column":25},"end":{"line":751,"column":26}},"loc":{"start":{"line":751,"column":71},"end":{"line":768,"column":1}}}},"branchMap":{"0":{"loc":{"start":{"line":1,"column":0},"end":{"line":1,"column":null}},"type":"if","locations":[{"start":{"line":1,"column":0},"end":{"line":1,"column":null}}]},"1":{"loc":{"start":{"line":1,"column":0},"end":{"line":1,"column":null}},"type":"cond-expr","locations":[{"start":{"line":1,"column":0},"end":{"line":1,"column":null}},{"start":{"line":1,"column":0},"end":{"line":1,"column":null}}]},"2":{"loc":{"start":{"line":1,"column":0},"end":{"line":1,"column":null}},"type":"binary-expr","locations":[{"start":{"line":1,"column":0},"end":{"line":1,"column":null}},{"start":{"line":1,"column":0},"end":{"line":1,"column":null}},{"start":{"line":1,"column":0},"end":{"line":1,"column":null}}]},"3":{"loc":{"start":{"line":57,"column":14},"end":{"line":64,"column":8}},"type":"default-arg","locations":[{"start":{"line":64,"column":6},"end":{"line":64,"column":8}}]},"4":{"loc":{"start":{"line":58,"column":4},"end":{"line":58,"column":25}},"type":"default-arg","locations":[{"start":{"line":58,"column":12},"end":{"line":58,"column":25}}]},"5":{"loc":{"start":{"line":60,"column":4},"end":{"line":60,"column":26}},"type":"default-arg","locations":[{"start":{"line":60,"column":24},"end":{"line":60,"column":26}}]},"6":{"loc":{"start":{"line":61,"column":4},"end":{"line":61,"column":25}},"type":"default-arg","locations":[{"start":{"line":61,"column":20},"end":{"line":61,"column":25}}]},"7":{"loc":{"start":{"line":66,"column":4},"end":{"line":69,"column":null}},"type":"if","locations":[{"start":{"line":66,"column":4},"end":{"line":69,"column":null}}]},"8":{"loc":{"start":{"line":432,"column":13},"end":{"line":432,"column":48}},"type":"cond-expr","locations":[{"start":{"line":432,"column":41},"end":{"line":432,"column":43}},{"start":{"line":432,"column":16},"end":{"line":432,"column":48}}]},"9":{"loc":{"start":{"line":432,"column":13},"end":{"line":432,"column":43}},"type":"binary-expr","locations":[{"start":{"line":432,"column":13},"end":{"line":432,"column":43}},{"start":{"line":432,"column":41},"end":{"line":432,"column":43}}]},"10":{"loc":{"start":{"line":433,"column":4},"end":{"line":436,"column":null}},"type":"if","locations":[{"start":{"line":433,"column":4},"end":{"line":436,"column":null}}]},"11":{"loc":{"start":{"line":451,"column":6},"end":{"line":452,"column":45}},"type":"binary-expr","locations":[{"start":{"line":451,"column":6},"end":{"line":451,"column":58}},{"start":{"line":452,"column":9},"end":{"line":452,"column":45}}]},"12":{"loc":{"start":{"line":95,"column":4},"end":{"line":97,"column":null}},"type":"if","locations":[{"start":{"line":95,"column":4},"end":{"line":97,"column":null}}]},"13":{"loc":{"start":{"line":124,"column":6},"end":{"line":134,"column":null}},"type":"if","locations":[{"start":{"line":124,"column":6},"end":{"line":134,"column":null}},{"start":{"line":127,"column":11},"end":{"line":134,"column":null}}]},"14":{"loc":{"start":{"line":125,"column":23},"end":{"line":125,"column":78}},"type":"cond-expr","locations":[{"start":{"line":125,"column":55},"end":{"line":125,"column":66}},{"start":{"line":125,"column":69},"end":{"line":125,"column":78}}]},"15":{"loc":{"start":{"line":127,"column":11},"end":{"line":134,"column":null}},"type":"if","locations":[{"start":{"line":127,"column":11},"end":{"line":134,"column":null}},{"start":{"line":132,"column":11},"end":{"line":134,"column":null}}]},"16":{"loc":{"start":{"line":135,"column":6},"end":{"line":140,"column":null}},"type":"if","locations":[{"start":{"line":135,"column":6},"end":{"line":140,"column":null}}]},"17":{"loc":{"start":{"line":144,"column":6},"end":{"line":174,"column":null}},"type":"if","locations":[{"start":{"line":144,"column":6},"end":{"line":174,"column":null}},{"start":{"line":165,"column":11},"end":{"line":174,"column":null}}]},"18":{"loc":{"start":{"line":145,"column":8},"end":{"line":160,"column":null}},"type":"if","locations":[{"start":{"line":145,"column":8},"end":{"line":160,"column":null}},{"start":{"line":150,"column":13},"end":{"line":160,"column":null}}]},"19":{"loc":{"start":{"line":150,"column":13},"end":{"line":160,"column":null}},"type":"if","locations":[{"start":{"line":150,"column":13},"end":{"line":160,"column":null}},{"start":{"line":158,"column":13},"end":{"line":160,"column":null}}]},"20":{"loc":{"start":{"line":151,"column":10},"end":{"line":156,"column":null}},"type":"if","locations":[{"start":{"line":151,"column":10},"end":{"line":156,"column":null}},{"start":{"line":154,"column":15},"end":{"line":156,"column":null}}]},"21":{"loc":{"start":{"line":152,"column":26},"end":{"line":152,"column":67}},"type":"cond-expr","locations":[{"start":{"line":152,"column":50},"end":{"line":152,"column":57}},{"start":{"line":152,"column":60},"end":{"line":152,"column":67}}]},"22":{"loc":{"start":{"line":158,"column":13},"end":{"line":160,"column":null}},"type":"if","locations":[{"start":{"line":158,"column":13},"end":{"line":160,"column":null}}]},"23":{"loc":{"start":{"line":168,"column":8},"end":{"line":170,"column":null}},"type":"if","locations":[{"start":{"line":168,"column":8},"end":{"line":170,"column":null}}]},"24":{"loc":{"start":{"line":176,"column":6},"end":{"line":179,"column":null}},"type":"if","locations":[{"start":{"line":176,"column":6},"end":{"line":179,"column":null}}]},"25":{"loc":{"start":{"line":177,"column":24},"end":{"line":177,"column":80}},"type":"cond-expr","locations":[{"start":{"line":177,"column":52},"end":{"line":177,"column":59}},{"start":{"line":177,"column":62},"end":{"line":177,"column":80}}]},"26":{"loc":{"start":{"line":178,"column":62},"end":{"line":178,"column":97}},"type":"cond-expr","locations":[{"start":{"line":178,"column":74},"end":{"line":178,"column":86}},{"start":{"line":178,"column":89},"end":{"line":178,"column":97}}]},"27":{"loc":{"start":{"line":186,"column":19},"end":{"line":186,"column":55}},"type":"binary-expr","locations":[{"start":{"line":186,"column":19},"end":{"line":186,"column":49}},{"start":{"line":186,"column":53},"end":{"line":186,"column":55}}]},"28":{"loc":{"start":{"line":187,"column":6},"end":{"line":193,"column":null}},"type":"if","locations":[{"start":{"line":187,"column":6},"end":{"line":193,"column":null}},{"start":{"line":191,"column":11},"end":{"line":193,"column":null}}]},"29":{"loc":{"start":{"line":206,"column":6},"end":{"line":273,"column":null}},"type":"if","locations":[{"start":{"line":206,"column":6},"end":{"line":273,"column":null}},{"start":{"line":225,"column":11},"end":{"line":273,"column":null}}]},"30":{"loc":{"start":{"line":207,"column":8},"end":{"line":223,"column":null}},"type":"if","locations":[{"start":{"line":207,"column":8},"end":{"line":223,"column":null}},{"start":{"line":215,"column":13},"end":{"line":223,"column":null}}]},"31":{"loc":{"start":{"line":208,"column":10},"end":{"line":213,"column":null}},"type":"if","locations":[{"start":{"line":208,"column":10},"end":{"line":213,"column":null}},{"start":{"line":211,"column":15},"end":{"line":213,"column":null}}]},"32":{"loc":{"start":{"line":208,"column":14},"end":{"line":208,"column":75}},"type":"binary-expr","locations":[{"start":{"line":208,"column":14},"end":{"line":208,"column":35}},{"start":{"line":208,"column":39},"end":{"line":208,"column":75}}]},"33":{"loc":{"start":{"line":218,"column":12},"end":{"line":220,"column":68}},"type":"cond-expr","locations":[{"start":{"line":219,"column":16},"end":{"line":219,"column":56}},{"start":{"line":220,"column":16},"end":{"line":220,"column":68}}]},"34":{"loc":{"start":{"line":228,"column":10},"end":{"line":231,"column":18}},"type":"binary-expr","locations":[{"start":{"line":228,"column":10},"end":{"line":231,"column":11}},{"start":{"line":231,"column":15},"end":{"line":231,"column":18}}]},"35":{"loc":{"start":{"line":228,"column":10},"end":{"line":231,"column":11}},"type":"cond-expr","locations":[{"start":{"line":228,"column":21},"end":{"line":228,"column":23}},{"start":{"line":228,"column":10},"end":{"line":231,"column":11}}]},"36":{"loc":{"start":{"line":228,"column":10},"end":{"line":228,"column":23}},"type":"binary-expr","locations":[{"start":{"line":228,"column":10},"end":{"line":228,"column":23}},{"start":{"line":228,"column":21},"end":{"line":228,"column":23}}]},"37":{"loc":{"start":{"line":234,"column":10},"end":{"line":236,"column":22}},"type":"cond-expr","locations":[{"start":{"line":235,"column":14},"end":{"line":235,"column":62}},{"start":{"line":236,"column":14},"end":{"line":236,"column":22}}]},"38":{"loc":{"start":{"line":239,"column":10},"end":{"line":271,"column":null}},"type":"if","locations":[{"start":{"line":239,"column":10},"end":{"line":271,"column":null}},{"start":{"line":254,"column":15},"end":{"line":271,"column":null}}]},"39":{"loc":{"start":{"line":245,"column":12},"end":{"line":252,"column":null}},"type":"if","locations":[{"start":{"line":245,"column":12},"end":{"line":252,"column":null}},{"start":{"line":248,"column":17},"end":{"line":252,"column":null}}]},"40":{"loc":{"start":{"line":261,"column":25},"end":{"line":261,"column":52}},"type":"cond-expr","locations":[{"start":{"line":261,"column":47},"end":{"line":261,"column":48}},{"start":{"line":261,"column":51},"end":{"line":261,"column":52}}]},"41":{"loc":{"start":{"line":264,"column":12},"end":{"line":268,"column":13}},"type":"if","locations":[{"start":{"line":264,"column":12},"end":{"line":268,"column":13}}]},"42":{"loc":{"start":{"line":277,"column":20},"end":{"line":277,"column":62}},"type":"cond-expr","locations":[{"start":{"line":277,"column":44},"end":{"line":277,"column":50}},{"start":{"line":277,"column":53},"end":{"line":277,"column":62}}]},"43":{"loc":{"start":{"line":291,"column":6},"end":{"line":326,"column":null}},"type":"if","locations":[{"start":{"line":291,"column":6},"end":{"line":326,"column":null}}]},"44":{"loc":{"start":{"line":292,"column":8},"end":{"line":293,"column":54}},"type":"binary-expr","locations":[{"start":{"line":292,"column":8},"end":{"line":292,"column":38}},{"start":{"line":293,"column":11},"end":{"line":293,"column":54}}]},"45":{"loc":{"start":{"line":297,"column":8},"end":{"line":324,"column":null}},"type":"if","locations":[{"start":{"line":297,"column":8},"end":{"line":324,"column":null}},{"start":{"line":305,"column":13},"end":{"line":324,"column":null}}]},"46":{"loc":{"start":{"line":300,"column":12},"end":{"line":302,"column":25}},"type":"cond-expr","locations":[{"start":{"line":301,"column":16},"end":{"line":301,"column":72}},{"start":{"line":302,"column":16},"end":{"line":302,"column":25}}]},"47":{"loc":{"start":{"line":305,"column":13},"end":{"line":324,"column":null}},"type":"if","locations":[{"start":{"line":305,"column":13},"end":{"line":324,"column":null}},{"start":{"line":322,"column":13},"end":{"line":324,"column":null}}]},"48":{"loc":{"start":{"line":308,"column":12},"end":{"line":310,"column":51}},"type":"cond-expr","locations":[{"start":{"line":308,"column":34},"end":{"line":309,"column":null}},{"start":{"line":309,"column":49},"end":{"line":310,"column":51}}]},"49":{"loc":{"start":{"line":329,"column":8},"end":{"line":331,"column":46}},"type":"binary-expr","locations":[{"start":{"line":329,"column":8},"end":{"line":329,"column":36}},{"start":{"line":330,"column":11},"end":{"line":330,"column":40}},{"start":{"line":331,"column":11},"end":{"line":331,"column":46}}]},"50":{"loc":{"start":{"line":333,"column":6},"end":{"line":409,"column":7}},"type":"if","locations":[{"start":{"line":333,"column":6},"end":{"line":409,"column":7}},{"start":{"line":371,"column":11},"end":{"line":409,"column":7}}]},"51":{"loc":{"start":{"line":374,"column":8},"end":{"line":376,"column":null}},"type":"if","locations":[{"start":{"line":374,"column":8},"end":{"line":376,"column":null}}]},"52":{"loc":{"start":{"line":374,"column":12},"end":{"line":374,"column":66}},"type":"binary-expr","locations":[{"start":{"line":374,"column":12},"end":{"line":374,"column":27}},{"start":{"line":374,"column":31},"end":{"line":374,"column":66}}]},"53":{"loc":{"start":{"line":377,"column":8},"end":{"line":408,"column":null}},"type":"if","locations":[{"start":{"line":377,"column":8},"end":{"line":408,"column":null}},{"start":{"line":381,"column":13},"end":{"line":408,"column":null}}]},"54":{"loc":{"start":{"line":381,"column":13},"end":{"line":408,"column":null}},"type":"if","locations":[{"start":{"line":381,"column":13},"end":{"line":408,"column":null}},{"start":{"line":385,"column":13},"end":{"line":408,"column":null}}]},"55":{"loc":{"start":{"line":385,"column":13},"end":{"line":408,"column":null}},"type":"if","locations":[{"start":{"line":385,"column":13},"end":{"line":408,"column":null}},{"start":{"line":389,"column":13},"end":{"line":408,"column":null}}]},"56":{"loc":{"start":{"line":393,"column":10},"end":{"line":407,"column":null}},"type":"if","locations":[{"start":{"line":393,"column":10},"end":{"line":407,"column":null}},{"start":{"line":397,"column":15},"end":{"line":407,"column":null}}]},"57":{"loc":{"start":{"line":397,"column":15},"end":{"line":407,"column":null}},"type":"if","locations":[{"start":{"line":397,"column":15},"end":{"line":407,"column":null}}]},"58":{"loc":{"start":{"line":468,"column":4},"end":{"line":502,"column":null}},"type":"if","locations":[{"start":{"line":468,"column":4},"end":{"line":502,"column":null}}]},"59":{"loc":{"start":{"line":468,"column":8},"end":{"line":468,"column":77}},"type":"binary-expr","locations":[{"start":{"line":468,"column":8},"end":{"line":468,"column":39}},{"start":{"line":468,"column":39},"end":{"line":468,"column":77}}]},"60":{"loc":{"start":{"line":473,"column":8},"end":{"line":500,"column":null}},"type":"if","locations":[{"start":{"line":473,"column":8},"end":{"line":500,"column":null}},{"start":{"line":488,"column":13},"end":{"line":500,"column":null}}]},"61":{"loc":{"start":{"line":477,"column":10},"end":{"line":483,"column":null}},"type":"if","locations":[{"start":{"line":477,"column":10},"end":{"line":483,"column":null}},{"start":{"line":480,"column":15},"end":{"line":483,"column":null}}]},"62":{"loc":{"start":{"line":509,"column":6},"end":{"line":515,"column":null}},"type":"if","locations":[{"start":{"line":509,"column":6},"end":{"line":515,"column":null}},{"start":{"line":512,"column":11},"end":{"line":515,"column":null}}]},"63":{"loc":{"start":{"line":512,"column":11},"end":{"line":515,"column":null}},"type":"if","locations":[{"start":{"line":512,"column":11},"end":{"line":515,"column":null}}]},"64":{"loc":{"start":{"line":518,"column":8},"end":{"line":520,"column":null}},"type":"binary-expr","locations":[{"start":{"line":518,"column":8},"end":{"line":518,"column":38}},{"start":{"line":519,"column":12},"end":{"line":519,"column":32}},{"start":{"line":519,"column":36},"end":{"line":519,"column":63}},{"start":{"line":520,"column":11},"end":{"line":520,"column":null}}]},"65":{"loc":{"start":{"line":520,"column":12},"end":{"line":520,"column":51}},"type":"binary-expr","locations":[{"start":{"line":520,"column":12},"end":{"line":520,"column":20}},{"start":{"line":520,"column":12},"end":{"line":520,"column":20}},{"start":{"line":520,"column":12},"end":{"line":520,"column":51}}]},"66":{"loc":{"start":{"line":522,"column":6},"end":{"line":529,"column":null}},"type":"if","locations":[{"start":{"line":522,"column":6},"end":{"line":529,"column":null}}]},"67":{"loc":{"start":{"line":523,"column":8},"end":{"line":528,"column":null}},"type":"if","locations":[{"start":{"line":523,"column":8},"end":{"line":528,"column":null}},{"start":{"line":526,"column":13},"end":{"line":528,"column":null}}]},"68":{"loc":{"start":{"line":526,"column":13},"end":{"line":528,"column":null}},"type":"if","locations":[{"start":{"line":526,"column":13},"end":{"line":528,"column":null}}]},"69":{"loc":{"start":{"line":531,"column":4},"end":{"line":533,"column":null}},"type":"if","locations":[{"start":{"line":531,"column":4},"end":{"line":533,"column":null}}]},"70":{"loc":{"start":{"line":537,"column":6},"end":{"line":539,"column":null}},"type":"if","locations":[{"start":{"line":537,"column":6},"end":{"line":539,"column":null}}]},"71":{"loc":{"start":{"line":541,"column":6},"end":{"line":543,"column":null}},"type":"if","locations":[{"start":{"line":541,"column":6},"end":{"line":543,"column":null}}]},"72":{"loc":{"start":{"line":547,"column":19},"end":{"line":547,"column":49}},"type":"cond-expr","locations":[{"start":{"line":547,"column":41},"end":{"line":547,"column":44}},{"start":{"line":547,"column":47},"end":{"line":547,"column":49}}]},"73":{"loc":{"start":{"line":548,"column":52},"end":{"line":548,"column":93}},"type":"cond-expr","locations":[{"start":{"line":548,"column":75},"end":{"line":548,"column":82}},{"start":{"line":548,"column":85},"end":{"line":548,"column":93}}]},"74":{"loc":{"start":{"line":572,"column":8},"end":{"line":577,"column":null}},"type":"if","locations":[{"start":{"line":572,"column":8},"end":{"line":577,"column":null}},{"start":{"line":575,"column":13},"end":{"line":577,"column":null}}]},"75":{"loc":{"start":{"line":603,"column":4},"end":{"line":614,"column":null}},"type":"if","locations":[{"start":{"line":603,"column":4},"end":{"line":614,"column":null}}]},"76":{"loc":{"start":{"line":604,"column":6},"end":{"line":606,"column":79}},"type":"binary-expr","locations":[{"start":{"line":604,"column":6},"end":{"line":604,"column":38}},{"start":{"line":605,"column":9},"end":{"line":605,"column":36}},{"start":{"line":606,"column":10},"end":{"line":606,"column":43}},{"start":{"line":606,"column":47},"end":{"line":606,"column":79}}]},"77":{"loc":{"start":{"line":618,"column":8},"end":{"line":625,"column":null}},"type":"if","locations":[{"start":{"line":618,"column":8},"end":{"line":625,"column":null}}]},"78":{"loc":{"start":{"line":626,"column":8},"end":{"line":633,"column":null}},"type":"if","locations":[{"start":{"line":626,"column":8},"end":{"line":633,"column":null}}]},"79":{"loc":{"start":{"line":626,"column":12},"end":{"line":626,"column":55}},"type":"binary-expr","locations":[{"start":{"line":626,"column":12},"end":{"line":626,"column":32}},{"start":{"line":626,"column":36},"end":{"line":626,"column":55}}]},"80":{"loc":{"start":{"line":634,"column":8},"end":{"line":646,"column":null}},"type":"if","locations":[{"start":{"line":634,"column":8},"end":{"line":646,"column":null}}]},"81":{"loc":{"start":{"line":637,"column":10},"end":{"line":645,"column":null}},"type":"if","locations":[{"start":{"line":637,"column":10},"end":{"line":645,"column":null}}]},"82":{"loc":{"start":{"line":653,"column":26},"end":{"line":653,"column":73}},"type":"cond-expr","locations":[{"start":{"line":653,"column":55},"end":{"line":653,"column":60}},{"start":{"line":653,"column":63},"end":{"line":653,"column":73}}]},"83":{"loc":{"start":{"line":657,"column":6},"end":{"line":715,"column":null}},"type":"if","locations":[{"start":{"line":657,"column":6},"end":{"line":715,"column":null}},{"start":{"line":665,"column":11},"end":{"line":715,"column":null}}]},"84":{"loc":{"start":{"line":665,"column":11},"end":{"line":715,"column":null}},"type":"if","locations":[{"start":{"line":665,"column":11},"end":{"line":715,"column":null}},{"start":{"line":673,"column":11},"end":{"line":715,"column":null}}]},"85":{"loc":{"start":{"line":673,"column":11},"end":{"line":715,"column":null}},"type":"if","locations":[{"start":{"line":673,"column":11},"end":{"line":715,"column":null}},{"start":{"line":703,"column":11},"end":{"line":715,"column":null}}]},"86":{"loc":{"start":{"line":680,"column":8},"end":{"line":701,"column":null}},"type":"if","locations":[{"start":{"line":680,"column":8},"end":{"line":701,"column":null}},{"start":{"line":688,"column":13},"end":{"line":701,"column":null}}]},"87":{"loc":{"start":{"line":688,"column":13},"end":{"line":701,"column":null}},"type":"if","locations":[{"start":{"line":688,"column":13},"end":{"line":701,"column":null}}]},"88":{"loc":{"start":{"line":703,"column":11},"end":{"line":715,"column":null}},"type":"if","locations":[{"start":{"line":703,"column":11},"end":{"line":715,"column":null}},{"start":{"line":706,"column":11},"end":{"line":715,"column":null}}]},"89":{"loc":{"start":{"line":706,"column":11},"end":{"line":715,"column":null}},"type":"if","locations":[{"start":{"line":706,"column":11},"end":{"line":715,"column":null}}]},"90":{"loc":{"start":{"line":707,"column":8},"end":{"line":714,"column":null}},"type":"if","locations":[{"start":{"line":707,"column":8},"end":{"line":714,"column":null}}]},"91":{"loc":{"start":{"line":717,"column":6},"end":{"line":737,"column":null}},"type":"if","locations":[{"start":{"line":717,"column":6},"end":{"line":737,"column":null}}]},"92":{"loc":{"start":{"line":719,"column":8},"end":{"line":736,"column":null}},"type":"if","locations":[{"start":{"line":719,"column":8},"end":{"line":736,"column":null}},{"start":{"line":726,"column":13},"end":{"line":736,"column":null}}]},"93":{"loc":{"start":{"line":726,"column":13},"end":{"line":736,"column":null}},"type":"if","locations":[{"start":{"line":726,"column":13},"end":{"line":736,"column":null}}]},"94":{"loc":{"start":{"line":727,"column":10},"end":{"line":728,"column":49}},"type":"binary-expr","locations":[{"start":{"line":727,"column":10},"end":{"line":727,"column":36}},{"start":{"line":728,"column":13},"end":{"line":728,"column":49}}]},"95":{"loc":{"start":{"line":742,"column":4},"end":{"line":747,"column":null}},"type":"if","locations":[{"start":{"line":742,"column":4},"end":{"line":747,"column":null}},{"start":{"line":745,"column":9},"end":{"line":747,"column":null}}]},"96":{"loc":{"start":{"line":760,"column":4},"end":{"line":762,"column":null}},"type":"if","locations":[{"start":{"line":760,"column":4},"end":{"line":762,"column":null}}]}},"s":{"0":2,"1":2,"2":2,"3":2,"4":2,"5":2,"6":2,"7":2,"8":74,"9":2,"10":2,"11":2,"12":2,"13":1480,"14":592,"15":148,"16":148,"17":148,"18":148,"19":148,"20":29,"21":29,"22":148,"23":148,"24":148,"25":148,"26":148,"27":132,"28":132,"29":164,"30":164,"31":68,"32":68,"33":20,"34":48,"35":98,"36":88,"37":293,"38":34,"39":293,"40":1,"41":1,"42":1,"43":1,"44":132,"45":2,"46":83,"47":98,"48":98,"49":166,"50":14,"51":152,"52":152,"53":152,"54":152,"55":152,"56":134,"57":134,"58":134,"59":134,"60":121,"61":13,"62":1,"63":1,"64":12,"65":134,"66":4,"67":4,"68":134,"69":134,"70":134,"71":121,"72":88,"73":88,"74":33,"75":13,"76":6,"77":7,"78":20,"79":3,"80":121,"81":13,"82":13,"83":3,"84":13,"85":13,"86":26,"87":13,"88":134,"89":34,"90":34,"91":134,"92":134,"93":134,"94":134,"95":1,"96":1,"97":133,"98":134,"99":12,"100":12,"101":12,"102":12,"103":134,"104":134,"105":19,"106":134,"107":13,"108":12,"109":1,"110":11,"111":1,"112":1,"113":121,"114":121,"115":121,"116":149,"117":130,"118":130,"119":120,"120":10,"121":10,"122":19,"123":19,"124":1,"125":1,"126":18,"127":18,"128":122,"129":122,"130":122,"131":134,"132":133,"133":133,"134":166,"135":10,"136":10,"137":10,"138":1,"139":1,"140":1,"141":9,"142":1,"143":1,"144":1,"145":1,"146":8,"147":10,"148":156,"149":156,"150":9,"151":9,"152":9,"153":9,"154":9,"155":147,"156":6,"157":147,"158":122,"159":25,"160":15,"161":10,"162":2,"163":8,"164":8,"165":7,"166":1,"167":1,"168":1,"169":1,"170":1,"171":1,"172":1,"173":155,"174":155,"175":10,"176":10,"177":24,"178":24,"179":34,"180":10,"181":13,"182":15,"183":15,"184":18,"185":18,"186":14,"187":4,"188":10,"189":14,"190":14,"191":4,"192":4,"193":8,"194":8,"195":8,"196":19,"197":8,"198":11,"199":1,"200":1,"201":10,"202":10,"203":10,"204":9,"205":8,"206":1,"207":1,"208":8,"209":1,"210":7,"211":7,"212":8,"213":1,"214":8,"215":7,"216":8,"217":7,"218":7,"219":7,"220":7,"221":8,"222":8,"223":8,"224":8,"225":8,"226":8,"227":8,"228":7,"229":1,"230":8,"231":148,"232":3,"233":145,"234":26,"235":29,"236":1,"237":28,"238":1,"239":27,"240":17,"241":17,"242":3,"243":145,"244":178,"245":178,"246":712,"247":178,"248":1,"249":177,"250":1,"251":176,"252":139,"253":138,"254":1,"255":137,"256":9,"257":9,"258":37,"259":26,"260":11,"261":8,"262":1,"263":167,"264":13,"265":13,"266":1,"267":12,"268":1,"269":155,"270":148,"271":7,"272":2,"273":184,"274":184,"275":184,"276":184,"277":171,"278":13,"279":1,"280":12,"281":12},"f":{"0":6,"1":148,"2":68,"3":98,"4":88,"5":293,"6":34,"7":1,"8":132,"9":2,"10":83,"11":98,"12":166,"13":134,"14":26,"15":12,"16":19,"17":133,"18":1,"19":1,"20":10,"21":24,"22":34,"23":10,"24":13,"25":15,"26":18,"27":8,"28":148,"29":26,"30":178,"31":712,"32":155,"33":184},"b":{"0":[16],"1":[38,40],"2":[20,20,18],"3":[0],"4":[148],"5":[134],"6":[148],"7":[29],"8":[18,50],"9":[68,68],"10":[20],"11":[293,292],"12":[14],"13":[121,13],"14":[1,120],"15":[1,12],"16":[4],"17":[121,13],"18":[88,33],"19":[13,20],"20":[6,7],"21":[3,3],"22":[3],"23":[3],"24":[34],"25":[17,17],"26":[10,24],"27":[134,13],"28":[1,133],"29":[13,121],"30":[12,1],"31":[1,11],"32":[12,1],"33":[0,1],"34":[121,104],"35":[104,17],"36":[121,121],"37":[33,88],"38":[130,19],"39":[120,10],"40":[0,19],"41":[1],"42":[33,89],"43":[10],"44":[166,15],"45":[1,9],"46":[0,1],"47":[1,8],"48":[1,0],"49":[156,156,156],"50":[9,147],"51":[6],"52":[147,23],"53":[122,25],"54":[15,10],"55":[2,8],"56":[7,1],"57":[1],"58":[15],"59":[15,4],"60":[14,4],"61":[4,10],"62":[8,11],"63":[1],"64":[10,10,8,9],"65":[9,9,8],"66":[9],"67":[8,1],"68":[1],"69":[1],"70":[1],"71":[7],"72":[1,6],"73":[1,6],"74":[7,1],"75":[3],"76":[148,147,146,146],"77":[1],"78":[1],"79":[28,11],"80":[17],"81":[3],"82":[534,178],"83":[1,177],"84":[1,176],"85":[139,37],"86":[1,137],"87":[9],"88":[26,11],"89":[8],"90":[1],"91":[13],"92":[1,12],"93":[1],"94":[12,3],"95":[148,7],"96":[1]}}
,"/Users/zane/playground/liquid-labs/question-and-answer/src/lib/lib/ib-clone.mjs": {"path":"/Users/zane/playground/liquid-labs/question-and-answer/src/lib/lib/ib-clone.mjs","statementMap":{"0":{"start":{"line":1,"column":17},"end":{"line":31,"column":1}},"1":{"start":{"line":2,"column":2},"end":{"line":9,"column":null}},"2":{"start":{"line":3,"column":19},"end":{"line":3,"column":21}},"3":{"start":{"line":4,"column":4},"end":{"line":6,"column":null}},"4":{"start":{"line":5,"column":6},"end":{"line":5,"column":null}},"5":{"start":{"line":8,"column":4},"end":{"line":8,"column":null}},"6":{"start":{"line":11,"column":24},"end":{"line":11,"column":40}},"7":{"start":{"line":12,"column":2},"end":{"line":14,"column":null}},"8":{"start":{"line":13,"column":4},"end":{"line":13,"column":null}},"9":{"start":{"line":16,"column":2},"end":{"line":30,"column":null}},"10":{"start":{"line":17,"column":4},"end":{"line":17,"column":null}},"11":{"start":{"line":20,"column":4},"end":{"line":27,"column":null}},"12":{"start":{"line":21,"column":21},"end":{"line":21,"column":23}},"13":{"start":{"line":22,"column":6},"end":{"line":24,"column":null}},"14":{"start":{"line":23,"column":8},"end":{"line":23,"column":null}},"15":{"start":{"line":26,"column":6},"end":{"line":26,"column":null}},"16":{"start":{"line":29,"column":4},"end":{"line":29,"column":null}},"17":{"start":{"line":31,"column":1},"end":{"line":31,"column":null}}},"fnMap":{"0":{"name":"(anonymous_0)","decl":{"start":{"line":1,"column":17},"end":{"line":1,"column":26}},"loc":{"start":{"line":1,"column":31},"end":{"line":31,"column":1}}}},"branchMap":{"0":{"loc":{"start":{"line":2,"column":2},"end":{"line":9,"column":null}},"type":"if","locations":[{"start":{"line":2,"column":2},"end":{"line":9,"column":null}}]},"1":{"loc":{"start":{"line":12,"column":2},"end":{"line":14,"column":null}},"type":"if","locations":[{"start":{"line":12,"column":2},"end":{"line":14,"column":null}}]},"2":{"loc":{"start":{"line":20,"column":4},"end":{"line":27,"column":null}},"type":"if","locations":[{"start":{"line":20,"column":4},"end":{"line":27,"column":null}}]}},"s":{"0":3,"1":530,"2":158,"3":158,"4":199,"5":158,"6":372,"7":372,"8":4,"9":368,"10":368,"11":5,"12":5,"13":5,"14":16,"15":5,"16":0,"17":3},"f":{"0":530},"b":{"0":[158],"1":[4],"2":[5]}}
,"/Users/zane/playground/liquid-labs/question-and-answer/src/lib/lib/translate-type.mjs": {"path":"/Users/zane/playground/liquid-labs/question-and-answer/src/lib/lib/translate-type.mjs","statementMap":{"0":{"start":{"line":1,"column":0},"end":{"line":1,"column":null}},"1":{"start":{"line":2,"column":0},"end":{"line":2,"column":null}},"2":{"start":{"line":4,"column":22},"end":{"line":43,"column":1}},"3":{"start":{"line":6,"column":4},"end":{"line":6,"column":78}},"4":{"start":{"line":8,"column":19},"end":{"line":8,"column":30}},"5":{"start":{"line":9,"column":2},"end":{"line":19,"column":null}},"6":{"start":{"line":10,"column":4},"end":{"line":10,"column":null}},"7":{"start":{"line":12,"column":7},"end":{"line":19,"column":null}},"8":{"start":{"line":13,"column":4},"end":{"line":18,"column":null}},"9":{"start":{"line":21,"column":2},"end":{"line":21,"column":null}},"10":{"start":{"line":22,"column":2},"end":{"line":42,"column":null}},"11":{"start":{"line":25,"column":6},"end":{"line":25,"column":null}},"12":{"start":{"line":28,"column":6},"end":{"line":28,"column":null}},"13":{"start":{"line":31,"column":6},"end":{"line":31,"column":null}},"14":{"start":{"line":34,"column":6},"end":{"line":34,"column":null}},"15":{"start":{"line":36,"column":6},"end":{"line":41,"column":null}},"16":{"start":{"line":43,"column":1},"end":{"line":43,"column":null}}},"fnMap":{"0":{"name":"(anonymous_0)","decl":{"start":{"line":4,"column":22},"end":{"line":4,"column":23}},"loc":{"start":{"line":4,"column":44},"end":{"line":43,"column":1}}}},"branchMap":{"0":{"loc":{"start":{"line":9,"column":2},"end":{"line":19,"column":null}},"type":"if","locations":[{"start":{"line":9,"column":2},"end":{"line":19,"column":null}},{"start":{"line":12,"column":7},"end":{"line":19,"column":null}}]},"1":{"loc":{"start":{"line":12,"column":7},"end":{"line":19,"column":null}},"type":"if","locations":[{"start":{"line":12,"column":7},"end":{"line":19,"column":null}}]},"2":{"loc":{"start":{"line":12,"column":11},"end":{"line":12,"column":54}},"type":"binary-expr","locations":[{"start":{"line":12,"column":11},"end":{"line":12,"column":29}},{"start":{"line":12,"column":33},"end":{"line":12,"column":54}}]},"3":{"loc":{"start":{"line":21,"column":6},"end":{"line":21,"column":28}},"type":"cond-expr","locations":[{"start":{"line":21,"column":13},"end":{"line":21,"column":15}},{"start":{"line":21,"column":9},"end":{"line":21,"column":28}}]},"4":{"loc":{"start":{"line":21,"column":6},"end":{"line":21,"column":15}},"type":"binary-expr","locations":[{"start":{"line":21,"column":6},"end":{"line":21,"column":15}},{"start":{"line":21,"column":13},"end":{"line":21,"column":15}}]},"5":{"loc":{"start":{"line":22,"column":2},"end":{"line":42,"column":null}},"type":"switch","locations":[{"start":{"line":23,"column":4},"end":{"line":23,"column":null}},{"start":{"line":24,"column":4},"end":{"line":25,"column":null}},{"start":{"line":26,"column":4},"end":{"line":26,"column":null}},{"start":{"line":27,"column":4},"end":{"line":28,"column":null}},{"start":{"line":29,"column":4},"end":{"line":29,"column":null}},{"start":{"line":30,"column":4},"end":{"line":31,"column":null}},{"start":{"line":32,"column":4},"end":{"line":32,"column":null}},{"start":{"line":33,"column":4},"end":{"line":34,"column":null}},{"start":{"line":35,"column":4},"end":{"line":41,"column":null}}]}},"s":{"0":3,"1":3,"2":3,"3":334,"4":334,"5":334,"6":3,"7":331,"8":1,"9":330,"10":330,"11":137,"12":78,"13":10,"14":103,"15":2,"16":3},"f":{"0":334},"b":{"0":[3,331],"1":[1],"2":[331,245],"3":[86,244],"4":[330,330],"5":[86,137,74,78,4,10,96,103,2]}}
}
