{"/Users/zane/playground/question-and-answer/src/lib/questioner.mjs": {"path":"/Users/zane/playground/question-and-answer/src/lib/questioner.mjs","statementMap":{"0":{"start":{"line":16,"column":0},"end":{"line":16,"column":null}},"1":{"start":{"line":18,"column":0},"end":{"line":18,"column":null}},"2":{"start":{"line":19,"column":0},"end":{"line":19,"column":null}},"3":{"start":{"line":20,"column":0},"end":{"line":20,"column":null}},"4":{"start":{"line":22,"column":0},"end":{"line":22,"column":55}},"5":{"start":{"line":1,"column":0},"end":{"line":1,"column":null}},"6":{"start":{"line":25,"column":14},"end":{"line":25,"column":27}},"7":{"start":{"line":26,"column":23},"end":{"line":26,"column":45}},"8":{"start":{"line":27,"column":21},"end":{"line":27,"column":40}},"9":{"start":{"line":29,"column":16},"end":{"line":473,"column":null}},"10":{"start":{"line":57,"column":10},"end":{"line":57,"column":null}},"11":{"start":{"line":57,"column":10},"end":{"line":33,"column":null}},"12":{"start":{"line":33,"column":27},"end":{"line":33,"column":null}},"13":{"start":{"line":33,"column":27},"end":{"line":35,"column":null}},"14":{"start":{"line":58,"column":4},"end":{"line":58,"column":null}},"15":{"start":{"line":59,"column":4},"end":{"line":62,"column":null}},"16":{"start":{"line":60,"column":20},"end":{"line":60,"column":44}},"17":{"start":{"line":61,"column":6},"end":{"line":61,"column":null}},"18":{"start":{"line":63,"column":4},"end":{"line":63,"column":null}},"19":{"start":{"line":64,"column":4},"end":{"line":64,"column":null}},"20":{"start":{"line":65,"column":4},"end":{"line":65,"column":null}},"21":{"start":{"line":66,"column":4},"end":{"line":66,"column":null}},"22":{"start":{"line":68,"column":4},"end":{"line":68,"column":null}},"23":{"start":{"line":70,"column":16},"end":{"line":70,"column":17}},"24":{"start":{"line":71,"column":4},"end":{"line":74,"column":null}},"25":{"start":{"line":72,"column":6},"end":{"line":72,"column":null}},"26":{"start":{"line":73,"column":6},"end":{"line":73,"column":null}},"27":{"start":{"line":296,"column":13},"end":{"line":296,"column":48}},"28":{"start":{"line":297,"column":4},"end":{"line":299,"column":null}},"29":{"start":{"line":298,"column":6},"end":{"line":298,"column":null}},"30":{"start":{"line":300,"column":4},"end":{"line":300,"column":null}},"31":{"start":{"line":304,"column":4},"end":{"line":304,"column":null}},"32":{"start":{"line":304,"column":37},"end":{"line":304,"column":62}},"33":{"start":{"line":312,"column":4},"end":{"line":312,"column":null}},"34":{"start":{"line":315,"column":30},"end":{"line":315,"column":80}},"35":{"start":{"line":417,"column":4},"end":{"line":419,"column":null}},"36":{"start":{"line":418,"column":6},"end":{"line":418,"column":null}},"37":{"start":{"line":421,"column":4},"end":{"line":421,"column":null}},"38":{"start":{"line":424,"column":18},"end":{"line":424,"column":56}},"39":{"start":{"line":427,"column":4},"end":{"line":427,"column":null}},"40":{"start":{"line":427,"column":65},"end":{"line":427,"column":89}},"41":{"start":{"line":427,"column":89},"end":{"line":427,"column":100}},"42":{"start":{"line":80,"column":19},"end":{"line":80,"column":68}},"43":{"start":{"line":82,"column":4},"end":{"line":82,"column":null}},"44":{"start":{"line":84,"column":4},"end":{"line":84,"column":null}},"45":{"start":{"line":85,"column":4},"end":{"line":85,"column":null}},"46":{"start":{"line":86,"column":4},"end":{"line":86,"column":null}},"47":{"start":{"line":92,"column":15},"end":{"line":92,"column":105}},"48":{"start":{"line":94,"column":4},"end":{"line":210,"column":null}},"49":{"start":{"line":95,"column":19},"end":{"line":95,"column":42}},"50":{"start":{"line":96,"column":25},"end":{"line":96,"column":59}},"51":{"start":{"line":97,"column":6},"end":{"line":99,"column":null}},"52":{"start":{"line":98,"column":8},"end":{"line":98,"column":null}},"53":{"start":{"line":101,"column":19},"end":{"line":101,"column":27}},"54":{"start":{"line":102,"column":17},"end":{"line":102,"column":19}},"55":{"start":{"line":103,"column":6},"end":{"line":136,"column":null}},"56":{"start":{"line":104,"column":8},"end":{"line":118,"column":null}},"57":{"start":{"line":105,"column":10},"end":{"line":110,"column":null}},"58":{"start":{"line":106,"column":12},"end":{"line":106,"column":null}},"59":{"start":{"line":109,"column":12},"end":{"line":109,"column":null}},"60":{"start":{"line":112,"column":13},"end":{"line":118,"column":null}},"61":{"start":{"line":113,"column":10},"end":{"line":113,"column":null}},"62":{"start":{"line":114,"column":10},"end":{"line":114,"column":63}},"63":{"start":{"line":116,"column":13},"end":{"line":118,"column":null}},"64":{"start":{"line":117,"column":10},"end":{"line":117,"column":null}},"65":{"start":{"line":121,"column":8},"end":{"line":121,"column":null}},"66":{"start":{"line":124,"column":8},"end":{"line":124,"column":null}},"67":{"start":{"line":125,"column":27},"end":{"line":125,"column":70}},"68":{"start":{"line":125,"column":52},"end":{"line":125,"column":69}},"69":{"start":{"line":126,"column":8},"end":{"line":126,"column":null}},"70":{"start":{"line":127,"column":8},"end":{"line":135,"column":null}},"71":{"start":{"line":128,"column":27},"end":{"line":128,"column":58}},"72":{"start":{"line":129,"column":10},"end":{"line":134,"column":null}},"73":{"start":{"line":130,"column":12},"end":{"line":130,"column":null}},"74":{"start":{"line":133,"column":12},"end":{"line":133,"column":null}},"75":{"start":{"line":138,"column":6},"end":{"line":141,"column":null}},"76":{"start":{"line":139,"column":24},"end":{"line":139,"column":80}},"77":{"start":{"line":140,"column":8},"end":{"line":140,"column":null}},"78":{"start":{"line":143,"column":6},"end":{"line":143,"column":null}},"79":{"start":{"line":147,"column":17},"end":{"line":147,"column":43}},"80":{"start":{"line":148,"column":19},"end":{"line":148,"column":71}},"81":{"start":{"line":149,"column":6},"end":{"line":158,"column":null}},"82":{"start":{"line":150,"column":8},"end":{"line":150,"column":null}},"83":{"start":{"line":151,"column":8},"end":{"line":151,"column":null}},"84":{"start":{"line":153,"column":11},"end":{"line":158,"column":null}},"85":{"start":{"line":154,"column":8},"end":{"line":154,"column":null}},"86":{"start":{"line":157,"column":8},"end":{"line":157,"column":null}},"87":{"start":{"line":159,"column":6},"end":{"line":159,"column":null}},"88":{"start":{"line":162,"column":24},"end":{"line":162,"column":110}},"89":{"start":{"line":163,"column":27},"end":{"line":163,"column":110}},"90":{"start":{"line":165,"column":25},"end":{"line":165,"column":29}},"91":{"start":{"line":166,"column":6},"end":{"line":168,"column":null}},"92":{"start":{"line":167,"column":8},"end":{"line":167,"column":null}},"93":{"start":{"line":169,"column":21},"end":{"line":169,"column":23}},"94":{"start":{"line":170,"column":6},"end":{"line":195,"column":null}},"95":{"start":{"line":171,"column":8},"end":{"line":194,"column":null}},"96":{"start":{"line":172,"column":10},"end":{"line":191,"column":null}},"97":{"start":{"line":174,"column":12},"end":{"line":174,"column":null}},"98":{"start":{"line":175,"column":12},"end":{"line":179,"column":null}},"99":{"start":{"line":176,"column":28},"end":{"line":176,"column":86}},"100":{"start":{"line":177,"column":14},"end":{"line":177,"column":null}},"101":{"start":{"line":178,"column":14},"end":{"line":178,"column":null}},"102":{"start":{"line":182,"column":31},"end":{"line":182,"column":47}},"103":{"start":{"line":183,"column":12},"end":{"line":190,"column":null}},"104":{"start":{"line":184,"column":14},"end":{"line":184,"column":null}},"105":{"start":{"line":187,"column":14},"end":{"line":187,"column":null}},"106":{"start":{"line":188,"column":28},"end":{"line":188,"column":53}},"107":{"start":{"line":189,"column":14},"end":{"line":189,"column":null}},"108":{"start":{"line":193,"column":10},"end":{"line":193,"column":null}},"109":{"start":{"line":193,"column":37},"end":{"line":193,"column":null}},"110":{"start":{"line":197,"column":6},"end":{"line":208,"column":null}},"111":{"start":{"line":198,"column":8},"end":{"line":198,"column":null}},"112":{"start":{"line":199,"column":22},"end":{"line":199,"column":64}},"113":{"start":{"line":200,"column":8},"end":{"line":200,"column":null}},"114":{"start":{"line":203,"column":8},"end":{"line":203,"column":null}},"115":{"start":{"line":204,"column":8},"end":{"line":204,"column":null}},"116":{"start":{"line":205,"column":8},"end":{"line":205,"column":19}},"117":{"start":{"line":206,"column":8},"end":{"line":206,"column":null}},"118":{"start":{"line":207,"column":8},"end":{"line":207,"column":null}},"119":{"start":{"line":210,"column":14},"end":{"line":210,"column":25}},"120":{"start":{"line":214,"column":16},"end":{"line":214,"column":20}},"121":{"start":{"line":215,"column":4},"end":{"line":278,"column":null}},"122":{"start":{"line":217,"column":6},"end":{"line":234,"column":null}},"123":{"start":{"line":218,"column":8},"end":{"line":218,"column":null}},"124":{"start":{"line":219,"column":8},"end":{"line":232,"column":null}},"125":{"start":{"line":220,"column":10},"end":{"line":220,"column":null}},"126":{"start":{"line":222,"column":13},"end":{"line":232,"column":null}},"127":{"start":{"line":223,"column":10},"end":{"line":228,"column":null}},"128":{"start":{"line":231,"column":10},"end":{"line":231,"column":null}},"129":{"start":{"line":233,"column":8},"end":{"line":233,"column":null}},"130":{"start":{"line":238,"column":9},"end":{"line":238,"column":110}},"131":{"start":{"line":240,"column":6},"end":{"line":245,"column":null}},"132":{"start":{"line":241,"column":8},"end":{"line":241,"column":null}},"133":{"start":{"line":242,"column":22},"end":{"line":242,"column":112}},"134":{"start":{"line":243,"column":8},"end":{"line":243,"column":null}},"135":{"start":{"line":244,"column":8},"end":{"line":244,"column":null}},"136":{"start":{"line":247,"column":6},"end":{"line":249,"column":null}},"137":{"start":{"line":248,"column":8},"end":{"line":248,"column":null}},"138":{"start":{"line":250,"column":6},"end":{"line":276,"column":null}},"139":{"start":{"line":251,"column":8},"end":{"line":251,"column":null}},"140":{"start":{"line":253,"column":11},"end":{"line":276,"column":null}},"141":{"start":{"line":254,"column":8},"end":{"line":254,"column":null}},"142":{"start":{"line":256,"column":11},"end":{"line":276,"column":null}},"143":{"start":{"line":257,"column":8},"end":{"line":257,"column":null}},"144":{"start":{"line":259,"column":11},"end":{"line":276,"column":null}},"145":{"start":{"line":260,"column":35},"end":{"line":260,"column":68}},"146":{"start":{"line":261,"column":8},"end":{"line":272,"column":null}},"147":{"start":{"line":262,"column":10},"end":{"line":262,"column":null}},"148":{"start":{"line":264,"column":13},"end":{"line":272,"column":null}},"149":{"start":{"line":265,"column":24},"end":{"line":268,"column":16}},"150":{"start":{"line":266,"column":12},"end":{"line":266,"column":null}},"151":{"start":{"line":267,"column":12},"end":{"line":267,"column":null}},"152":{"start":{"line":269,"column":10},"end":{"line":269,"column":null}},"153":{"start":{"line":269,"column":54},"end":{"line":269,"column":77}},"154":{"start":{"line":270,"column":10},"end":{"line":270,"column":null}},"155":{"start":{"line":271,"column":10},"end":{"line":271,"column":null}},"156":{"start":{"line":275,"column":8},"end":{"line":275,"column":null}},"157":{"start":{"line":277,"column":6},"end":{"line":277,"column":null}},"158":{"start":{"line":282,"column":22},"end":{"line":282,"column":72}},"159":{"start":{"line":283,"column":4},"end":{"line":283,"column":null}},"160":{"start":{"line":287,"column":22},"end":{"line":287,"column":72}},"161":{"start":{"line":288,"column":4},"end":{"line":288,"column":null}},"162":{"start":{"line":292,"column":4},"end":{"line":292,"column":null}},"163":{"start":{"line":308,"column":4},"end":{"line":308,"column":null}},"164":{"start":{"line":308,"column":37},"end":{"line":308,"column":55}},"165":{"start":{"line":318,"column":4},"end":{"line":347,"column":null}},"166":{"start":{"line":319,"column":6},"end":{"line":346,"column":null}},"167":{"start":{"line":321,"column":8},"end":{"line":345,"column":null}},"168":{"start":{"line":322,"column":28},"end":{"line":322,"column":78}},"169":{"start":{"line":324,"column":10},"end":{"line":333,"column":null}},"170":{"start":{"line":325,"column":12},"end":{"line":325,"column":null}},"171":{"start":{"line":327,"column":15},"end":{"line":333,"column":null}},"172":{"start":{"line":328,"column":12},"end":{"line":328,"column":null}},"173":{"start":{"line":331,"column":12},"end":{"line":331,"column":null}},"174":{"start":{"line":332,"column":12},"end":{"line":332,"column":null}},"175":{"start":{"line":335,"column":10},"end":{"line":335,"column":null}},"176":{"start":{"line":336,"column":10},"end":{"line":336,"column":null}},"177":{"start":{"line":338,"column":13},"end":{"line":345,"column":null}},"178":{"start":{"line":339,"column":24},"end":{"line":339,"column":49}},"179":{"start":{"line":340,"column":10},"end":{"line":340,"column":null}},"180":{"start":{"line":341,"column":10},"end":{"line":341,"column":null}},"181":{"start":{"line":344,"column":10},"end":{"line":344,"column":null}},"182":{"start":{"line":351,"column":23},"end":{"line":351,"column":42}},"183":{"start":{"line":352,"column":21},"end":{"line":352,"column":23}},"184":{"start":{"line":353,"column":4},"end":{"line":374,"column":null}},"185":{"start":{"line":354,"column":6},"end":{"line":360,"column":null}},"186":{"start":{"line":355,"column":8},"end":{"line":355,"column":null}},"187":{"start":{"line":357,"column":11},"end":{"line":360,"column":null}},"188":{"start":{"line":358,"column":8},"end":{"line":358,"column":43}},"189":{"start":{"line":359,"column":8},"end":{"line":359,"column":null}},"190":{"start":{"line":361,"column":18},"end":{"line":361,"column":58}},"191":{"start":{"line":362,"column":22},"end":{"line":364,"column":null}},"192":{"start":{"line":366,"column":6},"end":{"line":373,"column":null}},"193":{"start":{"line":367,"column":8},"end":{"line":372,"column":null}},"194":{"start":{"line":368,"column":10},"end":{"line":368,"column":null}},"195":{"start":{"line":370,"column":13},"end":{"line":372,"column":null}},"196":{"start":{"line":371,"column":10},"end":{"line":371,"column":null}},"197":{"start":{"line":375,"column":4},"end":{"line":377,"column":null}},"198":{"start":{"line":376,"column":6},"end":{"line":376,"column":null}},"199":{"start":{"line":379,"column":21},"end":{"line":379,"column":23}},"200":{"start":{"line":380,"column":4},"end":{"line":389,"column":null}},"201":{"start":{"line":381,"column":6},"end":{"line":383,"column":null}},"202":{"start":{"line":382,"column":8},"end":{"line":382,"column":null}},"203":{"start":{"line":385,"column":6},"end":{"line":387,"column":null}},"204":{"start":{"line":386,"column":8},"end":{"line":386,"column":null}},"205":{"start":{"line":388,"column":6},"end":{"line":388,"column":null}},"206":{"start":{"line":391,"column":20},"end":{"line":391,"column":103}},"207":{"start":{"line":393,"column":4},"end":{"line":393,"column":null}},"208":{"start":{"line":395,"column":4},"end":{"line":413,"column":null}},"209":{"start":{"line":396,"column":17},"end":{"line":396,"column":107}},"210":{"start":{"line":397,"column":6},"end":{"line":412,"column":null}},"211":{"start":{"line":398,"column":8},"end":{"line":398,"column":null}},"212":{"start":{"line":402,"column":19},"end":{"line":402,"column":45}},"213":{"start":{"line":403,"column":23},"end":{"line":403,"column":53}},"214":{"start":{"line":404,"column":23},"end":{"line":404,"column":77}},"215":{"start":{"line":405,"column":8},"end":{"line":410,"column":null}},"216":{"start":{"line":406,"column":10},"end":{"line":406,"column":null}},"217":{"start":{"line":409,"column":10},"end":{"line":409,"column":null}},"218":{"start":{"line":412,"column":16},"end":{"line":412,"column":27}},"219":{"start":{"line":431,"column":26},"end":{"line":440,"column":5}},"220":{"start":{"line":432,"column":6},"end":{"line":439,"column":null}},"221":{"start":{"line":433,"column":8},"end":{"line":435,"column":null}},"222":{"start":{"line":434,"column":10},"end":{"line":434,"column":null}},"223":{"start":{"line":436,"column":8},"end":{"line":438,"column":null}},"224":{"start":{"line":437,"column":10},"end":{"line":437,"column":null}},"225":{"start":{"line":442,"column":12},"end":{"line":442,"column":40}},"226":{"start":{"line":444,"column":4},"end":{"line":471,"column":null}},"227":{"start":{"line":445,"column":6},"end":{"line":470,"column":null}},"228":{"start":{"line":449,"column":8},"end":{"line":449,"column":null}},"229":{"start":{"line":451,"column":11},"end":{"line":470,"column":null}},"230":{"start":{"line":453,"column":8},"end":{"line":455,"column":null}},"231":{"start":{"line":454,"column":10},"end":{"line":454,"column":null}},"232":{"start":{"line":456,"column":8},"end":{"line":458,"column":null}},"233":{"start":{"line":457,"column":10},"end":{"line":457,"column":null}},"234":{"start":{"line":459,"column":8},"end":{"line":461,"column":null}},"235":{"start":{"line":460,"column":10},"end":{"line":460,"column":null}},"236":{"start":{"line":463,"column":11},"end":{"line":470,"column":null}},"237":{"start":{"line":464,"column":8},"end":{"line":464,"column":null}},"238":{"start":{"line":466,"column":11},"end":{"line":470,"column":null}},"239":{"start":{"line":467,"column":8},"end":{"line":469,"column":null}},"240":{"start":{"line":468,"column":10},"end":{"line":468,"column":null}},"241":{"start":{"line":475,"column":29},"end":{"line":493,"column":1}},"242":{"start":{"line":476,"column":2},"end":{"line":490,"column":null}},"243":{"start":{"line":477,"column":4},"end":{"line":477,"column":null}},"244":{"start":{"line":479,"column":7},"end":{"line":490,"column":null}},"245":{"start":{"line":480,"column":4},"end":{"line":480,"column":null}},"246":{"start":{"line":482,"column":7},"end":{"line":490,"column":null}},"247":{"start":{"line":483,"column":4},"end":{"line":483,"column":null}},"248":{"start":{"line":485,"column":7},"end":{"line":490,"column":null}},"249":{"start":{"line":486,"column":4},"end":{"line":486,"column":null}},"250":{"start":{"line":489,"column":4},"end":{"line":489,"column":null}},"251":{"start":{"line":492,"column":2},"end":{"line":492,"column":null}},"252":{"start":{"line":495,"column":25},"end":{"line":516,"column":1}},"253":{"start":{"line":496,"column":2},"end":{"line":513,"column":null}},"254":{"start":{"line":497,"column":4},"end":{"line":499,"column":null}},"255":{"start":{"line":498,"column":6},"end":{"line":498,"column":null}},"256":{"start":{"line":501,"column":7},"end":{"line":513,"column":null}},"257":{"start":{"line":502,"column":4},"end":{"line":504,"column":null}},"258":{"start":{"line":503,"column":6},"end":{"line":503,"column":null}},"259":{"start":{"line":506,"column":7},"end":{"line":513,"column":null}},"260":{"start":{"line":507,"column":4},"end":{"line":509,"column":null}},"261":{"start":{"line":508,"column":6},"end":{"line":508,"column":null}},"262":{"start":{"line":511,"column":7},"end":{"line":513,"column":null}},"263":{"start":{"line":512,"column":4},"end":{"line":512,"column":null}},"264":{"start":{"line":515,"column":2},"end":{"line":515,"column":14}},"265":{"start":{"line":518,"column":27},"end":{"line":529,"column":1}},"266":{"start":{"line":519,"column":2},"end":{"line":528,"column":null}},"267":{"start":{"line":521,"column":4},"end":{"line":526,"column":null}},"268":{"start":{"line":522,"column":6},"end":{"line":522,"column":null}},"269":{"start":{"line":525,"column":6},"end":{"line":525,"column":null}},"270":{"start":{"line":527,"column":4},"end":{"line":527,"column":null}},"271":{"start":{"line":531,"column":37},"end":{"line":548,"column":1}},"272":{"start":{"line":532,"column":47},"end":{"line":532,"column":49}},"273":{"start":{"line":534,"column":2},"end":{"line":539,"column":null}},"274":{"start":{"line":535,"column":21},"end":{"line":535,"column":102}},"275":{"start":{"line":536,"column":4},"end":{"line":538,"column":null}},"276":{"start":{"line":537,"column":6},"end":{"line":537,"column":null}},"277":{"start":{"line":540,"column":2},"end":{"line":545,"column":null}},"278":{"start":{"line":541,"column":21},"end":{"line":541,"column":102}},"279":{"start":{"line":542,"column":4},"end":{"line":544,"column":null}},"280":{"start":{"line":543,"column":6},"end":{"line":543,"column":null}},"281":{"start":{"line":547,"column":2},"end":{"line":547,"column":null}},"282":{"start":{"line":550,"column":38},"end":{"line":591,"column":1}},"283":{"start":{"line":551,"column":85},"end":{"line":551,"column":87}},"284":{"start":{"line":552,"column":25},"end":{"line":552,"column":27}},"285":{"start":{"line":554,"column":2},"end":{"line":588,"column":null}},"286":{"start":{"line":555,"column":4},"end":{"line":555,"column":null}},"287":{"start":{"line":557,"column":7},"end":{"line":588,"column":null}},"288":{"start":{"line":558,"column":4},"end":{"line":558,"column":null}},"289":{"start":{"line":560,"column":7},"end":{"line":588,"column":null}},"290":{"start":{"line":561,"column":4},"end":{"line":561,"column":null}},"291":{"start":{"line":563,"column":7},"end":{"line":588,"column":null}},"292":{"start":{"line":564,"column":4},"end":{"line":566,"column":null}},"293":{"start":{"line":565,"column":6},"end":{"line":565,"column":null}},"294":{"start":{"line":567,"column":4},"end":{"line":569,"column":null}},"295":{"start":{"line":568,"column":6},"end":{"line":568,"column":null}},"296":{"start":{"line":570,"column":4},"end":{"line":572,"column":null}},"297":{"start":{"line":571,"column":6},"end":{"line":571,"column":null}},"298":{"start":{"line":574,"column":7},"end":{"line":588,"column":null}},"299":{"start":{"line":575,"column":4},"end":{"line":577,"column":null}},"300":{"start":{"line":576,"column":6},"end":{"line":576,"column":null}},"301":{"start":{"line":580,"column":4},"end":{"line":583,"column":null}},"302":{"start":{"line":580,"column":10},"end":{"line":580,"column":43}},"303":{"start":{"line":582,"column":6},"end":{"line":582,"column":null}},"304":{"start":{"line":585,"column":4},"end":{"line":587,"column":null}},"305":{"start":{"line":586,"column":6},"end":{"line":586,"column":null}},"306":{"start":{"line":590,"column":2},"end":{"line":590,"column":null}}},"fnMap":{"0":{"name":"_getRequireWildcardCache","decl":{"start":{"line":1,"column":0},"end":{"line":1,"column":null}},"loc":{"start":{"line":1,"column":0},"end":{"line":1,"column":null}}},"1":{"name":"(anonymous_3)","decl":{"start":{"line":50,"column":2},"end":{"line":50,"column":13}},"loc":{"start":{"line":57,"column":10},"end":{"line":75,"column":null}}},"2":{"name":"(anonymous_4)","decl":{"start":{"line":295,"column":2},"end":{"line":295,"column":5}},"loc":{"start":{"line":295,"column":17},"end":{"line":301,"column":null}}},"3":{"name":"(anonymous_5)","decl":{"start":{"line":303,"column":2},"end":{"line":303,"column":11}},"loc":{"start":{"line":303,"column":23},"end":{"line":305,"column":null}}},"4":{"name":"(anonymous_6)","decl":{"start":{"line":304,"column":31},"end":{"line":304,"column":32}},"loc":{"start":{"line":304,"column":37},"end":{"line":304,"column":62}}},"5":{"name":"(anonymous_7)","decl":{"start":{"line":311,"column":2},"end":{"line":311,"column":5}},"loc":{"start":{"line":311,"column":17},"end":{"line":313,"column":null}}},"6":{"name":"(anonymous_8)","decl":{"start":{"line":315,"column":2},"end":{"line":315,"column":6}},"loc":{"start":{"line":315,"column":28},"end":{"line":315,"column":null}}},"7":{"name":"(anonymous_9)","decl":{"start":{"line":416,"column":2},"end":{"line":416,"column":8}},"loc":{"start":{"line":416,"column":19},"end":{"line":422,"column":null}}},"8":{"name":"(anonymous_10)","decl":{"start":{"line":424,"column":2},"end":{"line":424,"column":6}},"loc":{"start":{"line":424,"column":16},"end":{"line":424,"column":null}}},"9":{"name":"(anonymous_11)","decl":{"start":{"line":426,"column":2},"end":{"line":426,"column":6}},"loc":{"start":{"line":426,"column":15},"end":{"line":428,"column":null}}},"10":{"name":"(anonymous_12)","decl":{"start":{"line":427,"column":32},"end":{"line":427,"column":33}},"loc":{"start":{"line":427,"column":63},"end":{"line":427,"column":101}}},"11":{"name":"_addResult2","decl":{"start":{"line":473,"column":1},"end":{"line":473,"column":null}},"loc":{"start":{"line":77,"column":32},"end":{"line":87,"column":3}}},"12":{"name":"_askQuestion2","decl":{"start":{"line":87,"column":3},"end":{"line":87,"column":null}},"loc":{"start":{"line":89,"column":24},"end":{"line":211,"column":3}}},"13":{"name":"(anonymous_15)","decl":{"start":{"line":125,"column":41},"end":{"line":125,"column":42}},"loc":{"start":{"line":125,"column":52},"end":{"line":125,"column":69}}},"14":{"name":"_processActions2","decl":{"start":{"line":211,"column":3},"end":{"line":211,"column":null}},"loc":{"start":{"line":213,"column":26},"end":{"line":279,"column":3}}},"15":{"name":"(anonymous_17)","decl":{"start":{"line":265,"column":40},"end":{"line":265,"column":41}},"loc":{"start":{"line":265,"column":52},"end":{"line":268,"column":11}}},"16":{"name":"(anonymous_18)","decl":{"start":{"line":269,"column":48},"end":{"line":269,"column":49}},"loc":{"start":{"line":269,"column":54},"end":{"line":269,"column":77}}},"17":{"name":"_evalNumber2","decl":{"start":{"line":279,"column":3},"end":{"line":279,"column":null}},"loc":{"start":{"line":281,"column":25},"end":{"line":284,"column":3}}},"18":{"name":"_evalTruth2","decl":{"start":{"line":284,"column":3},"end":{"line":284,"column":null}},"loc":{"start":{"line":286,"column":24},"end":{"line":289,"column":3}}},"19":{"name":"_evalParams2","decl":{"start":{"line":289,"column":3},"end":{"line":289,"column":null}},"loc":{"start":{"line":291,"column":16},"end":{"line":293,"column":3}}},"20":{"name":"_getResultByIndex2","decl":{"start":{"line":293,"column":3},"end":{"line":293,"column":null}},"loc":{"start":{"line":307,"column":27},"end":{"line":309,"column":3}}},"21":{"name":"(anonymous_23)","decl":{"start":{"line":308,"column":31},"end":{"line":308,"column":32}},"loc":{"start":{"line":308,"column":37},"end":{"line":308,"column":55}}},"22":{"name":"_processMapping2","decl":{"start":{"line":309,"column":3},"end":{"line":309,"column":null}},"loc":{"start":{"line":317,"column":27},"end":{"line":348,"column":3}}},"23":{"name":"(anonymous_25)","decl":{"start":{"line":319,"column":28},"end":{"line":319,"column":31}},"loc":{"start":{"line":319,"column":36},"end":{"line":346,"column":7}}},"24":{"name":"_processReview2","decl":{"start":{"line":348,"column":3},"end":{"line":348,"column":null}},"loc":{"start":{"line":350,"column":37},"end":{"line":414,"column":3}}},"25":{"name":"_verifyInterrogationBundle2","decl":{"start":{"line":414,"column":3},"end":{"line":414,"column":null}},"loc":{"start":{"line":430,"column":31},"end":{"line":472,"column":null}}},"26":{"name":"(anonymous_28)","decl":{"start":{"line":431,"column":26},"end":{"line":431,"column":27}},"loc":{"start":{"line":431,"column":40},"end":{"line":440,"column":5}}},"27":{"name":"(anonymous_29)","decl":{"start":{"line":444,"column":23},"end":{"line":444,"column":24}},"loc":{"start":{"line":444,"column":38},"end":{"line":471,"column":5}}},"28":{"name":"(anonymous_30)","decl":{"start":{"line":475,"column":29},"end":{"line":475,"column":30}},"loc":{"start":{"line":475,"column":55},"end":{"line":493,"column":1}}},"29":{"name":"(anonymous_31)","decl":{"start":{"line":495,"column":25},"end":{"line":495,"column":26}},"loc":{"start":{"line":495,"column":46},"end":{"line":516,"column":1}}},"30":{"name":"(anonymous_32)","decl":{"start":{"line":518,"column":27},"end":{"line":518,"column":28}},"loc":{"start":{"line":518,"column":47},"end":{"line":529,"column":1}}},"31":{"name":"(anonymous_33)","decl":{"start":{"line":531,"column":37},"end":{"line":531,"column":38}},"loc":{"start":{"line":531,"column":63},"end":{"line":548,"column":1}}},"32":{"name":"(anonymous_34)","decl":{"start":{"line":550,"column":38},"end":{"line":550,"column":39}},"loc":{"start":{"line":550,"column":57},"end":{"line":591,"column":1}}}},"branchMap":{"0":{"loc":{"start":{"line":1,"column":0},"end":{"line":1,"column":null}},"type":"if","locations":[{"start":{"line":1,"column":0},"end":{"line":1,"column":null}}]},"1":{"loc":{"start":{"line":1,"column":0},"end":{"line":1,"column":null}},"type":"cond-expr","locations":[{"start":{"line":1,"column":0},"end":{"line":1,"column":null}},{"start":{"line":1,"column":0},"end":{"line":1,"column":null}}]},"2":{"loc":{"start":{"line":1,"column":0},"end":{"line":1,"column":null}},"type":"binary-expr","locations":[{"start":{"line":1,"column":0},"end":{"line":1,"column":null}},{"start":{"line":1,"column":0},"end":{"line":1,"column":null}},{"start":{"line":1,"column":0},"end":{"line":1,"column":null}}]},"3":{"loc":{"start":{"line":50,"column":14},"end":{"line":57,"column":8}},"type":"default-arg","locations":[{"start":{"line":57,"column":6},"end":{"line":57,"column":8}}]},"4":{"loc":{"start":{"line":51,"column":4},"end":{"line":51,"column":25}},"type":"default-arg","locations":[{"start":{"line":51,"column":12},"end":{"line":51,"column":25}}]},"5":{"loc":{"start":{"line":53,"column":4},"end":{"line":53,"column":26}},"type":"default-arg","locations":[{"start":{"line":53,"column":24},"end":{"line":53,"column":26}}]},"6":{"loc":{"start":{"line":54,"column":4},"end":{"line":54,"column":25}},"type":"default-arg","locations":[{"start":{"line":54,"column":20},"end":{"line":54,"column":25}}]},"7":{"loc":{"start":{"line":59,"column":4},"end":{"line":62,"column":null}},"type":"if","locations":[{"start":{"line":59,"column":4},"end":{"line":62,"column":null}}]},"8":{"loc":{"start":{"line":296,"column":13},"end":{"line":296,"column":48}},"type":"cond-expr","locations":[{"start":{"line":296,"column":41},"end":{"line":296,"column":43}},{"start":{"line":296,"column":16},"end":{"line":296,"column":48}}]},"9":{"loc":{"start":{"line":296,"column":13},"end":{"line":296,"column":43}},"type":"binary-expr","locations":[{"start":{"line":296,"column":13},"end":{"line":296,"column":43}},{"start":{"line":296,"column":41},"end":{"line":296,"column":43}}]},"10":{"loc":{"start":{"line":297,"column":4},"end":{"line":299,"column":null}},"type":"if","locations":[{"start":{"line":297,"column":4},"end":{"line":299,"column":null}}]},"11":{"loc":{"start":{"line":312,"column":11},"end":{"line":312,"column":86}},"type":"binary-expr","locations":[{"start":{"line":312,"column":11},"end":{"line":312,"column":44}},{"start":{"line":312,"column":49},"end":{"line":312,"column":86}}]},"12":{"loc":{"start":{"line":417,"column":4},"end":{"line":419,"column":null}},"type":"if","locations":[{"start":{"line":417,"column":4},"end":{"line":419,"column":null}}]},"13":{"loc":{"start":{"line":95,"column":19},"end":{"line":95,"column":42}},"type":"binary-expr","locations":[{"start":{"line":95,"column":19},"end":{"line":95,"column":30}},{"start":{"line":95,"column":34},"end":{"line":95,"column":42}}]},"14":{"loc":{"start":{"line":96,"column":25},"end":{"line":96,"column":59}},"type":"binary-expr","locations":[{"start":{"line":96,"column":25},"end":{"line":96,"column":46}},{"start":{"line":96,"column":50},"end":{"line":96,"column":59}}]},"15":{"loc":{"start":{"line":97,"column":6},"end":{"line":99,"column":null}},"type":"if","locations":[{"start":{"line":97,"column":6},"end":{"line":99,"column":null}}]},"16":{"loc":{"start":{"line":103,"column":6},"end":{"line":136,"column":null}},"type":"if","locations":[{"start":{"line":103,"column":6},"end":{"line":136,"column":null}},{"start":{"line":123,"column":11},"end":{"line":136,"column":null}}]},"17":{"loc":{"start":{"line":104,"column":8},"end":{"line":118,"column":null}},"type":"if","locations":[{"start":{"line":104,"column":8},"end":{"line":118,"column":null}},{"start":{"line":112,"column":13},"end":{"line":118,"column":null}}]},"18":{"loc":{"start":{"line":105,"column":10},"end":{"line":110,"column":null}},"type":"if","locations":[{"start":{"line":105,"column":10},"end":{"line":110,"column":null}},{"start":{"line":108,"column":15},"end":{"line":110,"column":null}}]},"19":{"loc":{"start":{"line":105,"column":10},"end":{"line":105,"column":49}},"type":"binary-expr","locations":[{"start":{"line":105,"column":10},"end":{"line":105,"column":27}},{"start":{"line":105,"column":25},"end":{"line":105,"column":27}},{"start":{"line":105,"column":14},"end":{"line":105,"column":49}}]},"20":{"loc":{"start":{"line":106,"column":26},"end":{"line":106,"column":67}},"type":"cond-expr","locations":[{"start":{"line":106,"column":50},"end":{"line":106,"column":57}},{"start":{"line":106,"column":60},"end":{"line":106,"column":67}}]},"21":{"loc":{"start":{"line":112,"column":13},"end":{"line":118,"column":null}},"type":"if","locations":[{"start":{"line":112,"column":13},"end":{"line":118,"column":null}},{"start":{"line":116,"column":13},"end":{"line":118,"column":null}}]},"22":{"loc":{"start":{"line":116,"column":13},"end":{"line":118,"column":null}},"type":"if","locations":[{"start":{"line":116,"column":13},"end":{"line":118,"column":null}}]},"23":{"loc":{"start":{"line":116,"column":13},"end":{"line":116,"column":52}},"type":"binary-expr","locations":[{"start":{"line":116,"column":13},"end":{"line":116,"column":30}},{"start":{"line":116,"column":28},"end":{"line":116,"column":30}},{"start":{"line":116,"column":17},"end":{"line":116,"column":52}}]},"24":{"loc":{"start":{"line":127,"column":8},"end":{"line":135,"column":null}},"type":"if","locations":[{"start":{"line":127,"column":8},"end":{"line":135,"column":null}}]},"25":{"loc":{"start":{"line":129,"column":10},"end":{"line":134,"column":null}},"type":"if","locations":[{"start":{"line":129,"column":10},"end":{"line":134,"column":null}},{"start":{"line":132,"column":15},"end":{"line":134,"column":null}}]},"26":{"loc":{"start":{"line":138,"column":6},"end":{"line":141,"column":null}},"type":"if","locations":[{"start":{"line":138,"column":6},"end":{"line":141,"column":null}}]},"27":{"loc":{"start":{"line":139,"column":24},"end":{"line":139,"column":80}},"type":"cond-expr","locations":[{"start":{"line":139,"column":52},"end":{"line":139,"column":59}},{"start":{"line":139,"column":63},"end":{"line":139,"column":80}}]},"28":{"loc":{"start":{"line":140,"column":62},"end":{"line":140,"column":98}},"type":"cond-expr","locations":[{"start":{"line":140,"column":74},"end":{"line":140,"column":86}},{"start":{"line":140,"column":89},"end":{"line":140,"column":98}}]},"29":{"loc":{"start":{"line":148,"column":19},"end":{"line":148,"column":71}},"type":"binary-expr","locations":[{"start":{"line":148,"column":19},"end":{"line":148,"column":49}},{"start":{"line":148,"column":53},"end":{"line":148,"column":65}},{"start":{"line":148,"column":69},"end":{"line":148,"column":71}}]},"30":{"loc":{"start":{"line":149,"column":6},"end":{"line":158,"column":null}},"type":"if","locations":[{"start":{"line":149,"column":6},"end":{"line":158,"column":null}},{"start":{"line":153,"column":11},"end":{"line":158,"column":null}}]},"31":{"loc":{"start":{"line":153,"column":11},"end":{"line":158,"column":null}},"type":"if","locations":[{"start":{"line":153,"column":11},"end":{"line":158,"column":null}},{"start":{"line":156,"column":11},"end":{"line":158,"column":null}}]},"32":{"loc":{"start":{"line":162,"column":24},"end":{"line":162,"column":110}},"type":"binary-expr","locations":[{"start":{"line":162,"column":24},"end":{"line":162,"column":103}},{"start":{"line":162,"column":107},"end":{"line":162,"column":110}}]},"33":{"loc":{"start":{"line":162,"column":24},"end":{"line":162,"column":103}},"type":"cond-expr","locations":[{"start":{"line":162,"column":35},"end":{"line":162,"column":37}},{"start":{"line":162,"column":24},"end":{"line":162,"column":103}}]},"34":{"loc":{"start":{"line":162,"column":24},"end":{"line":162,"column":37}},"type":"binary-expr","locations":[{"start":{"line":162,"column":24},"end":{"line":162,"column":37}},{"start":{"line":162,"column":35},"end":{"line":162,"column":37}}]},"35":{"loc":{"start":{"line":163,"column":27},"end":{"line":163,"column":110}},"type":"cond-expr","locations":[{"start":{"line":163,"column":51},"end":{"line":163,"column":99}},{"start":{"line":163,"column":102},"end":{"line":163,"column":110}}]},"36":{"loc":{"start":{"line":166,"column":6},"end":{"line":168,"column":null}},"type":"if","locations":[{"start":{"line":166,"column":6},"end":{"line":168,"column":null}}]},"37":{"loc":{"start":{"line":170,"column":6},"end":{"line":195,"column":null}},"type":"if","locations":[{"start":{"line":170,"column":6},"end":{"line":195,"column":null}}]},"38":{"loc":{"start":{"line":172,"column":10},"end":{"line":191,"column":null}},"type":"if","locations":[{"start":{"line":172,"column":10},"end":{"line":191,"column":null}},{"start":{"line":181,"column":15},"end":{"line":191,"column":null}}]},"39":{"loc":{"start":{"line":175,"column":12},"end":{"line":179,"column":null}},"type":"if","locations":[{"start":{"line":175,"column":12},"end":{"line":179,"column":null}}]},"40":{"loc":{"start":{"line":183,"column":12},"end":{"line":190,"column":null}},"type":"if","locations":[{"start":{"line":183,"column":12},"end":{"line":190,"column":null}},{"start":{"line":186,"column":17},"end":{"line":190,"column":null}}]},"41":{"loc":{"start":{"line":183,"column":16},"end":{"line":183,"column":110}},"type":"binary-expr","locations":[{"start":{"line":183,"column":16},"end":{"line":183,"column":38}},{"start":{"line":183,"column":42},"end":{"line":183,"column":59}},{"start":{"line":183,"column":63},"end":{"line":183,"column":77}},{"start":{"line":183,"column":81},"end":{"line":183,"column":110}}]},"42":{"loc":{"start":{"line":193,"column":10},"end":{"line":193,"column":null}},"type":"if","locations":[{"start":{"line":193,"column":10},"end":{"line":193,"column":null}}]},"43":{"loc":{"start":{"line":197,"column":6},"end":{"line":208,"column":null}},"type":"if","locations":[{"start":{"line":197,"column":6},"end":{"line":208,"column":null}},{"start":{"line":202,"column":11},"end":{"line":208,"column":null}}]},"44":{"loc":{"start":{"line":199,"column":22},"end":{"line":199,"column":64}},"type":"cond-expr","locations":[{"start":{"line":199,"column":46},"end":{"line":199,"column":52}},{"start":{"line":199,"column":55},"end":{"line":199,"column":64}}]},"45":{"loc":{"start":{"line":217,"column":6},"end":{"line":234,"column":null}},"type":"if","locations":[{"start":{"line":217,"column":6},"end":{"line":234,"column":null}}]},"46":{"loc":{"start":{"line":217,"column":10},"end":{"line":217,"column":87}},"type":"binary-expr","locations":[{"start":{"line":217,"column":10},"end":{"line":217,"column":40}},{"start":{"line":217,"column":44},"end":{"line":217,"column":87}}]},"47":{"loc":{"start":{"line":219,"column":8},"end":{"line":232,"column":null}},"type":"if","locations":[{"start":{"line":219,"column":8},"end":{"line":232,"column":null}},{"start":{"line":222,"column":13},"end":{"line":232,"column":null}}]},"48":{"loc":{"start":{"line":222,"column":13},"end":{"line":232,"column":null}},"type":"if","locations":[{"start":{"line":222,"column":13},"end":{"line":232,"column":null}},{"start":{"line":230,"column":13},"end":{"line":232,"column":null}}]},"49":{"loc":{"start":{"line":225,"column":21},"end":{"line":227,"column":null}},"type":"cond-expr","locations":[{"start":{"line":225,"column":59},"end":{"line":226,"column":null}},{"start":{"line":226,"column":49},"end":{"line":227,"column":null}}]},"50":{"loc":{"start":{"line":238,"column":9},"end":{"line":238,"column":110}},"type":"binary-expr","locations":[{"start":{"line":238,"column":9},"end":{"line":238,"column":37}},{"start":{"line":238,"column":41},"end":{"line":238,"column":70}},{"start":{"line":238,"column":74},"end":{"line":238,"column":110}}]},"51":{"loc":{"start":{"line":240,"column":6},"end":{"line":245,"column":null}},"type":"if","locations":[{"start":{"line":240,"column":6},"end":{"line":245,"column":null}}]},"52":{"loc":{"start":{"line":247,"column":6},"end":{"line":249,"column":null}},"type":"if","locations":[{"start":{"line":247,"column":6},"end":{"line":249,"column":null}}]},"53":{"loc":{"start":{"line":250,"column":6},"end":{"line":276,"column":null}},"type":"if","locations":[{"start":{"line":250,"column":6},"end":{"line":276,"column":null}},{"start":{"line":253,"column":11},"end":{"line":276,"column":null}}]},"54":{"loc":{"start":{"line":253,"column":11},"end":{"line":276,"column":null}},"type":"if","locations":[{"start":{"line":253,"column":11},"end":{"line":276,"column":null}},{"start":{"line":256,"column":11},"end":{"line":276,"column":null}}]},"55":{"loc":{"start":{"line":256,"column":11},"end":{"line":276,"column":null}},"type":"if","locations":[{"start":{"line":256,"column":11},"end":{"line":276,"column":null}},{"start":{"line":259,"column":11},"end":{"line":276,"column":null}}]},"56":{"loc":{"start":{"line":259,"column":11},"end":{"line":276,"column":null}},"type":"if","locations":[{"start":{"line":259,"column":11},"end":{"line":276,"column":null}},{"start":{"line":274,"column":11},"end":{"line":276,"column":null}}]},"57":{"loc":{"start":{"line":261,"column":8},"end":{"line":272,"column":null}},"type":"if","locations":[{"start":{"line":261,"column":8},"end":{"line":272,"column":null}},{"start":{"line":264,"column":13},"end":{"line":272,"column":null}}]},"58":{"loc":{"start":{"line":261,"column":12},"end":{"line":261,"column":61}},"type":"binary-expr","locations":[{"start":{"line":261,"column":12},"end":{"line":261,"column":27}},{"start":{"line":261,"column":31},"end":{"line":261,"column":61}}]},"59":{"loc":{"start":{"line":264,"column":13},"end":{"line":272,"column":null}},"type":"if","locations":[{"start":{"line":264,"column":13},"end":{"line":272,"column":null}}]},"60":{"loc":{"start":{"line":318,"column":4},"end":{"line":347,"column":null}},"type":"if","locations":[{"start":{"line":318,"column":4},"end":{"line":347,"column":null}}]},"61":{"loc":{"start":{"line":318,"column":8},"end":{"line":318,"column":77}},"type":"binary-expr","locations":[{"start":{"line":318,"column":8},"end":{"line":318,"column":39}},{"start":{"line":318,"column":39},"end":{"line":318,"column":77}}]},"62":{"loc":{"start":{"line":321,"column":8},"end":{"line":345,"column":null}},"type":"if","locations":[{"start":{"line":321,"column":8},"end":{"line":345,"column":null}},{"start":{"line":338,"column":13},"end":{"line":345,"column":null}}]},"63":{"loc":{"start":{"line":324,"column":10},"end":{"line":333,"column":null}},"type":"if","locations":[{"start":{"line":324,"column":10},"end":{"line":333,"column":null}},{"start":{"line":327,"column":15},"end":{"line":333,"column":null}}]},"64":{"loc":{"start":{"line":324,"column":14},"end":{"line":324,"column":71}},"type":"binary-expr","locations":[{"start":{"line":324,"column":14},"end":{"line":324,"column":41}},{"start":{"line":324,"column":45},"end":{"line":324,"column":71}}]},"65":{"loc":{"start":{"line":327,"column":15},"end":{"line":333,"column":null}},"type":"if","locations":[{"start":{"line":327,"column":15},"end":{"line":333,"column":null}},{"start":{"line":330,"column":15},"end":{"line":333,"column":null}}]},"66":{"loc":{"start":{"line":338,"column":13},"end":{"line":345,"column":null}},"type":"if","locations":[{"start":{"line":338,"column":13},"end":{"line":345,"column":null}},{"start":{"line":343,"column":13},"end":{"line":345,"column":null}}]},"67":{"loc":{"start":{"line":354,"column":6},"end":{"line":360,"column":null}},"type":"if","locations":[{"start":{"line":354,"column":6},"end":{"line":360,"column":null}},{"start":{"line":357,"column":11},"end":{"line":360,"column":null}}]},"68":{"loc":{"start":{"line":357,"column":11},"end":{"line":360,"column":null}},"type":"if","locations":[{"start":{"line":357,"column":11},"end":{"line":360,"column":null}}]},"69":{"loc":{"start":{"line":362,"column":22},"end":{"line":364,"column":null}},"type":"binary-expr","locations":[{"start":{"line":362,"column":22},"end":{"line":362,"column":52}},{"start":{"line":363,"column":12},"end":{"line":363,"column":32}},{"start":{"line":363,"column":36},"end":{"line":363,"column":63}},{"start":{"line":364,"column":11},"end":{"line":364,"column":null}}]},"70":{"loc":{"start":{"line":364,"column":12},"end":{"line":364,"column":51}},"type":"binary-expr","locations":[{"start":{"line":364,"column":12},"end":{"line":364,"column":20}},{"start":{"line":364,"column":12},"end":{"line":364,"column":20}},{"start":{"line":364,"column":12},"end":{"line":364,"column":51}}]},"71":{"loc":{"start":{"line":366,"column":6},"end":{"line":373,"column":null}},"type":"if","locations":[{"start":{"line":366,"column":6},"end":{"line":373,"column":null}}]},"72":{"loc":{"start":{"line":367,"column":8},"end":{"line":372,"column":null}},"type":"if","locations":[{"start":{"line":367,"column":8},"end":{"line":372,"column":null}},{"start":{"line":370,"column":13},"end":{"line":372,"column":null}}]},"73":{"loc":{"start":{"line":370,"column":13},"end":{"line":372,"column":null}},"type":"if","locations":[{"start":{"line":370,"column":13},"end":{"line":372,"column":null}}]},"74":{"loc":{"start":{"line":375,"column":4},"end":{"line":377,"column":null}},"type":"if","locations":[{"start":{"line":375,"column":4},"end":{"line":377,"column":null}}]},"75":{"loc":{"start":{"line":381,"column":6},"end":{"line":383,"column":null}},"type":"if","locations":[{"start":{"line":381,"column":6},"end":{"line":383,"column":null}}]},"76":{"loc":{"start":{"line":385,"column":6},"end":{"line":387,"column":null}},"type":"if","locations":[{"start":{"line":385,"column":6},"end":{"line":387,"column":null}}]},"77":{"loc":{"start":{"line":391,"column":52},"end":{"line":391,"column":96}},"type":"cond-expr","locations":[{"start":{"line":391,"column":75},"end":{"line":391,"column":83}},{"start":{"line":391,"column":86},"end":{"line":391,"column":96}}]},"78":{"loc":{"start":{"line":405,"column":8},"end":{"line":410,"column":null}},"type":"if","locations":[{"start":{"line":405,"column":8},"end":{"line":410,"column":null}},{"start":{"line":408,"column":13},"end":{"line":410,"column":null}}]},"79":{"loc":{"start":{"line":433,"column":8},"end":{"line":435,"column":null}},"type":"if","locations":[{"start":{"line":433,"column":8},"end":{"line":435,"column":null}}]},"80":{"loc":{"start":{"line":436,"column":8},"end":{"line":438,"column":null}},"type":"if","locations":[{"start":{"line":436,"column":8},"end":{"line":438,"column":null}}]},"81":{"loc":{"start":{"line":436,"column":12},"end":{"line":436,"column":55}},"type":"binary-expr","locations":[{"start":{"line":436,"column":12},"end":{"line":436,"column":32}},{"start":{"line":436,"column":36},"end":{"line":436,"column":55}}]},"82":{"loc":{"start":{"line":445,"column":6},"end":{"line":470,"column":null}},"type":"if","locations":[{"start":{"line":445,"column":6},"end":{"line":470,"column":null}},{"start":{"line":451,"column":11},"end":{"line":470,"column":null}}]},"83":{"loc":{"start":{"line":445,"column":10},"end":{"line":448,"column":40}},"type":"binary-expr","locations":[{"start":{"line":445,"column":10},"end":{"line":445,"column":37}},{"start":{"line":446,"column":13},"end":{"line":446,"column":38}},{"start":{"line":447,"column":13},"end":{"line":447,"column":43}},{"start":{"line":448,"column":13},"end":{"line":448,"column":40}}]},"84":{"loc":{"start":{"line":451,"column":11},"end":{"line":470,"column":null}},"type":"if","locations":[{"start":{"line":451,"column":11},"end":{"line":470,"column":null}},{"start":{"line":463,"column":11},"end":{"line":470,"column":null}}]},"85":{"loc":{"start":{"line":453,"column":8},"end":{"line":455,"column":null}},"type":"if","locations":[{"start":{"line":453,"column":8},"end":{"line":455,"column":null}}]},"86":{"loc":{"start":{"line":456,"column":8},"end":{"line":458,"column":null}},"type":"if","locations":[{"start":{"line":456,"column":8},"end":{"line":458,"column":null}}]},"87":{"loc":{"start":{"line":459,"column":8},"end":{"line":461,"column":null}},"type":"if","locations":[{"start":{"line":459,"column":8},"end":{"line":461,"column":null}}]},"88":{"loc":{"start":{"line":459,"column":12},"end":{"line":459,"column":119}},"type":"binary-expr","locations":[{"start":{"line":459,"column":12},"end":{"line":459,"column":42}},{"start":{"line":459,"column":46},"end":{"line":459,"column":119}}]},"89":{"loc":{"start":{"line":463,"column":11},"end":{"line":470,"column":null}},"type":"if","locations":[{"start":{"line":463,"column":11},"end":{"line":470,"column":null}},{"start":{"line":466,"column":11},"end":{"line":470,"column":null}}]},"90":{"loc":{"start":{"line":466,"column":11},"end":{"line":470,"column":null}},"type":"if","locations":[{"start":{"line":466,"column":11},"end":{"line":470,"column":null}}]},"91":{"loc":{"start":{"line":467,"column":8},"end":{"line":469,"column":null}},"type":"if","locations":[{"start":{"line":467,"column":8},"end":{"line":469,"column":null}}]},"92":{"loc":{"start":{"line":476,"column":2},"end":{"line":490,"column":null}},"type":"if","locations":[{"start":{"line":476,"column":2},"end":{"line":490,"column":null}},{"start":{"line":479,"column":7},"end":{"line":490,"column":null}}]},"93":{"loc":{"start":{"line":476,"column":6},"end":{"line":476,"column":55}},"type":"binary-expr","locations":[{"start":{"line":476,"column":6},"end":{"line":476,"column":29}},{"start":{"line":476,"column":33},"end":{"line":476,"column":55}}]},"94":{"loc":{"start":{"line":479,"column":7},"end":{"line":490,"column":null}},"type":"if","locations":[{"start":{"line":479,"column":7},"end":{"line":490,"column":null}},{"start":{"line":482,"column":7},"end":{"line":490,"column":null}}]},"95":{"loc":{"start":{"line":482,"column":7},"end":{"line":490,"column":null}},"type":"if","locations":[{"start":{"line":482,"column":7},"end":{"line":490,"column":null}},{"start":{"line":485,"column":7},"end":{"line":490,"column":null}}]},"96":{"loc":{"start":{"line":485,"column":7},"end":{"line":490,"column":null}},"type":"if","locations":[{"start":{"line":485,"column":7},"end":{"line":490,"column":null}},{"start":{"line":488,"column":7},"end":{"line":490,"column":null}}]},"97":{"loc":{"start":{"line":496,"column":2},"end":{"line":513,"column":null}},"type":"if","locations":[{"start":{"line":496,"column":2},"end":{"line":513,"column":null}},{"start":{"line":501,"column":7},"end":{"line":513,"column":null}}]},"98":{"loc":{"start":{"line":497,"column":4},"end":{"line":499,"column":null}},"type":"if","locations":[{"start":{"line":497,"column":4},"end":{"line":499,"column":null}}]},"99":{"loc":{"start":{"line":497,"column":8},"end":{"line":497,"column":47}},"type":"binary-expr","locations":[{"start":{"line":497,"column":8},"end":{"line":497,"column":20}},{"start":{"line":497,"column":24},"end":{"line":497,"column":47}}]},"100":{"loc":{"start":{"line":501,"column":7},"end":{"line":513,"column":null}},"type":"if","locations":[{"start":{"line":501,"column":7},"end":{"line":513,"column":null}},{"start":{"line":506,"column":7},"end":{"line":513,"column":null}}]},"101":{"loc":{"start":{"line":502,"column":4},"end":{"line":504,"column":null}},"type":"if","locations":[{"start":{"line":502,"column":4},"end":{"line":504,"column":null}}]},"102":{"loc":{"start":{"line":502,"column":8},"end":{"line":502,"column":57}},"type":"binary-expr","locations":[{"start":{"line":502,"column":8},"end":{"line":502,"column":20}},{"start":{"line":502,"column":24},"end":{"line":502,"column":57}}]},"103":{"loc":{"start":{"line":506,"column":7},"end":{"line":513,"column":null}},"type":"if","locations":[{"start":{"line":506,"column":7},"end":{"line":513,"column":null}},{"start":{"line":511,"column":7},"end":{"line":513,"column":null}}]},"104":{"loc":{"start":{"line":507,"column":4},"end":{"line":509,"column":null}},"type":"if","locations":[{"start":{"line":507,"column":4},"end":{"line":509,"column":null}}]},"105":{"loc":{"start":{"line":507,"column":9},"end":{"line":507,"column":73}},"type":"binary-expr","locations":[{"start":{"line":507,"column":9},"end":{"line":507,"column":16}},{"start":{"line":507,"column":9},"end":{"line":507,"column":16}},{"start":{"line":507,"column":9},"end":{"line":507,"column":73}}]},"106":{"loc":{"start":{"line":511,"column":7},"end":{"line":513,"column":null}},"type":"if","locations":[{"start":{"line":511,"column":7},"end":{"line":513,"column":null}}]},"107":{"loc":{"start":{"line":511,"column":11},"end":{"line":511,"column":50}},"type":"binary-expr","locations":[{"start":{"line":511,"column":11},"end":{"line":511,"column":29}},{"start":{"line":511,"column":33},"end":{"line":511,"column":50}}]},"108":{"loc":{"start":{"line":519,"column":2},"end":{"line":528,"column":null}},"type":"if","locations":[{"start":{"line":519,"column":2},"end":{"line":528,"column":null}}]},"109":{"loc":{"start":{"line":521,"column":4},"end":{"line":526,"column":null}},"type":"if","locations":[{"start":{"line":521,"column":4},"end":{"line":526,"column":null}},{"start":{"line":524,"column":9},"end":{"line":526,"column":null}}]},"110":{"loc":{"start":{"line":534,"column":2},"end":{"line":539,"column":null}},"type":"if","locations":[{"start":{"line":534,"column":2},"end":{"line":539,"column":null}}]},"111":{"loc":{"start":{"line":535,"column":21},"end":{"line":535,"column":102}},"type":"cond-expr","locations":[{"start":{"line":535,"column":59},"end":{"line":535,"column":84}},{"start":{"line":535,"column":87},"end":{"line":535,"column":102}}]},"112":{"loc":{"start":{"line":536,"column":4},"end":{"line":538,"column":null}},"type":"if","locations":[{"start":{"line":536,"column":4},"end":{"line":538,"column":null}}]},"113":{"loc":{"start":{"line":540,"column":2},"end":{"line":545,"column":null}},"type":"if","locations":[{"start":{"line":540,"column":2},"end":{"line":545,"column":null}}]},"114":{"loc":{"start":{"line":541,"column":21},"end":{"line":541,"column":102}},"type":"cond-expr","locations":[{"start":{"line":541,"column":59},"end":{"line":541,"column":84}},{"start":{"line":541,"column":87},"end":{"line":541,"column":102}}]},"115":{"loc":{"start":{"line":542,"column":4},"end":{"line":544,"column":null}},"type":"if","locations":[{"start":{"line":542,"column":4},"end":{"line":544,"column":null}}]},"116":{"loc":{"start":{"line":554,"column":2},"end":{"line":588,"column":null}},"type":"if","locations":[{"start":{"line":554,"column":2},"end":{"line":588,"column":null}},{"start":{"line":557,"column":7},"end":{"line":588,"column":null}}]},"117":{"loc":{"start":{"line":554,"column":6},"end":{"line":554,"column":87}},"type":"binary-expr","locations":[{"start":{"line":554,"column":7},"end":{"line":554,"column":32}},{"start":{"line":554,"column":36},"end":{"line":554,"column":63}},{"start":{"line":554,"column":68},"end":{"line":554,"column":87}}]},"118":{"loc":{"start":{"line":557,"column":7},"end":{"line":588,"column":null}},"type":"if","locations":[{"start":{"line":557,"column":7},"end":{"line":588,"column":null}},{"start":{"line":560,"column":7},"end":{"line":588,"column":null}}]},"119":{"loc":{"start":{"line":557,"column":11},"end":{"line":557,"column":73}},"type":"binary-expr","locations":[{"start":{"line":557,"column":12},"end":{"line":557,"column":34}},{"start":{"line":557,"column":38},"end":{"line":557,"column":62}},{"start":{"line":557,"column":67},"end":{"line":557,"column":73}}]},"120":{"loc":{"start":{"line":560,"column":7},"end":{"line":588,"column":null}},"type":"if","locations":[{"start":{"line":560,"column":7},"end":{"line":588,"column":null}},{"start":{"line":563,"column":7},"end":{"line":588,"column":null}}]},"121":{"loc":{"start":{"line":560,"column":11},"end":{"line":560,"column":77}},"type":"binary-expr","locations":[{"start":{"line":560,"column":11},"end":{"line":560,"column":37}},{"start":{"line":560,"column":42},"end":{"line":560,"column":77}}]},"122":{"loc":{"start":{"line":563,"column":7},"end":{"line":588,"column":null}},"type":"if","locations":[{"start":{"line":563,"column":7},"end":{"line":588,"column":null}},{"start":{"line":574,"column":7},"end":{"line":588,"column":null}}]},"123":{"loc":{"start":{"line":564,"column":4},"end":{"line":566,"column":null}},"type":"if","locations":[{"start":{"line":564,"column":4},"end":{"line":566,"column":null}}]},"124":{"loc":{"start":{"line":567,"column":4},"end":{"line":569,"column":null}},"type":"if","locations":[{"start":{"line":567,"column":4},"end":{"line":569,"column":null}}]},"125":{"loc":{"start":{"line":570,"column":4},"end":{"line":572,"column":null}},"type":"if","locations":[{"start":{"line":570,"column":4},"end":{"line":572,"column":null}}]},"126":{"loc":{"start":{"line":574,"column":7},"end":{"line":588,"column":null}},"type":"if","locations":[{"start":{"line":574,"column":7},"end":{"line":588,"column":null}}]},"127":{"loc":{"start":{"line":575,"column":4},"end":{"line":577,"column":null}},"type":"if","locations":[{"start":{"line":575,"column":4},"end":{"line":577,"column":null}}]},"128":{"loc":{"start":{"line":585,"column":4},"end":{"line":587,"column":null}},"type":"if","locations":[{"start":{"line":585,"column":4},"end":{"line":587,"column":null}}]}},"s":{"0":1,"1":1,"2":1,"3":1,"4":1,"5":37,"6":1,"7":1,"8":1,"9":1,"10":1404,"11":108,"12":108,"13":108,"14":108,"15":108,"16":8,"17":8,"18":108,"19":108,"20":108,"21":108,"22":108,"23":106,"24":106,"25":133,"26":133,"27":254,"28":254,"29":245,"30":9,"31":281,"32":74,"33":121,"34":0,"35":106,"36":0,"37":106,"38":0,"39":88,"40":119,"41":119,"42":134,"43":134,"44":134,"45":134,"46":134,"47":120,"48":120,"49":120,"50":120,"51":120,"52":0,"53":120,"54":120,"55":120,"56":112,"57":16,"58":4,"59":12,"60":96,"61":88,"62":88,"63":8,"64":1,"65":112,"66":8,"67":8,"68":16,"69":8,"70":8,"71":0,"72":0,"73":0,"74":0,"75":120,"76":35,"77":35,"78":120,"79":120,"80":120,"81":120,"82":0,"83":0,"84":120,"85":2,"86":118,"87":120,"88":120,"89":120,"90":120,"91":120,"92":35,"93":120,"94":120,"95":116,"96":144,"97":129,"98":129,"99":128,"100":128,"101":128,"102":15,"103":15,"104":0,"105":15,"106":15,"107":15,"108":144,"109":14,"110":120,"111":102,"112":102,"113":102,"114":18,"115":18,"116":18,"117":18,"118":18,"119":120,"120":106,"121":106,"122":133,"123":12,"124":12,"125":1,"126":11,"127":1,"128":10,"129":12,"130":121,"131":121,"132":5,"133":5,"134":5,"135":5,"136":116,"137":15,"138":116,"139":102,"140":14,"141":12,"142":2,"143":2,"144":0,"145":0,"146":0,"147":0,"148":0,"149":0,"150":0,"151":0,"152":0,"153":0,"154":0,"155":0,"156":0,"157":116,"158":0,"159":0,"160":26,"161":26,"162":37,"163":0,"164":0,"165":12,"166":12,"167":15,"168":11,"169":11,"170":0,"171":11,"172":4,"173":7,"174":7,"175":11,"176":11,"177":4,"178":4,"179":4,"180":4,"181":0,"182":0,"183":0,"184":0,"185":0,"186":0,"187":0,"188":0,"189":0,"190":0,"191":0,"192":0,"193":0,"194":0,"195":0,"196":0,"197":0,"198":0,"199":0,"200":0,"201":0,"202":0,"203":0,"204":0,"205":0,"206":0,"207":0,"208":0,"209":0,"210":0,"211":0,"212":0,"213":0,"214":0,"215":0,"216":0,"217":0,"218":0,"219":108,"220":20,"221":23,"222":0,"223":23,"224":0,"225":108,"226":108,"227":135,"228":0,"229":135,"230":112,"231":1,"232":111,"233":0,"234":111,"235":1,"236":23,"237":20,"238":3,"239":0,"240":0,"241":1,"242":144,"243":71,"244":73,"245":44,"246":29,"247":27,"248":2,"249":2,"250":0,"251":73,"252":1,"253":249,"254":38,"255":17,"256":211,"257":4,"258":2,"259":207,"260":82,"261":37,"262":125,"263":0,"264":193,"265":1,"266":15,"267":0,"268":0,"269":0,"270":0,"271":1,"272":35,"273":35,"274":6,"275":6,"276":2,"277":33,"278":6,"279":6,"280":2,"281":31,"282":1,"283":143,"284":143,"285":143,"286":1,"287":142,"288":2,"289":140,"290":5,"291":135,"292":10,"293":2,"294":10,"295":0,"296":10,"297":3,"298":125,"299":7,"300":0,"301":7,"302":7,"303":0,"304":7,"305":2,"306":130},"f":{"0":3,"1":108,"2":254,"3":281,"4":74,"5":121,"6":0,"7":106,"8":0,"9":88,"10":119,"11":134,"12":120,"13":16,"14":106,"15":0,"16":0,"17":0,"18":26,"19":37,"20":0,"21":0,"22":12,"23":15,"24":0,"25":108,"26":20,"27":135,"28":144,"29":249,"30":15,"31":35,"32":143},"b":{"0":[8],"1":[19,20],"2":[10,10,9],"3":[0],"4":[108],"5":[100],"6":[108],"7":[8],"8":[242,12],"9":[254,254],"10":[245],"11":[121,116],"12":[0],"13":[120,26],"14":[120,120],"15":[0],"16":[112,8],"17":[16,96],"18":[4,12],"19":[16,16,16],"20":[0,4],"21":[88,8],"22":[1],"23":[8,8,5],"24":[0],"25":[0,0],"26":[35],"27":[18,17],"28":[8,27],"29":[120,2,2],"30":[0,120],"31":[2,118],"32":[120,103],"33":[103,17],"34":[120,120],"35":[35,85],"36":[35],"37":[116],"38":[129,15],"39":[128],"40":[0,15],"41":[15,15,15,15],"42":[14],"43":[102,18],"44":[31,71],"45":[12],"46":[133,19],"47":[1,11],"48":[1,10],"49":[1,0],"50":[121,121,121],"51":[5],"52":[15],"53":[102,14],"54":[12,2],"55":[2,0],"56":[0,0],"57":[0,0],"58":[0,0],"59":[0],"60":[12],"61":[12,6],"62":[11,4],"63":[0,11],"64":[11,11],"65":[4,7],"66":[4,0],"67":[0,0],"68":[0],"69":[0,0,0,0],"70":[0,0,0],"71":[0],"72":[0,0],"73":[0],"74":[0],"75":[0],"76":[0],"77":[0,0],"78":[0,0],"79":[0],"80":[0],"81":[23,12],"82":[0,135],"83":[135,23,3,0],"84":[112,23],"85":[1],"86":[0],"87":[1],"88":[111,84],"89":[20,3],"90":[0],"91":[0],"92":[71,73],"93":[144,140],"94":[44,29],"95":[27,2],"96":[2,0],"97":[38,211],"98":[17],"99":[38,21],"100":[4,207],"101":[2],"102":[4,2],"103":[82,125],"104":[37],"105":[82,82,45],"106":[0],"107":[125,125],"108":[0],"109":[0,0],"110":[6],"111":[0,6],"112":[2],"113":[6],"114":[0,6],"115":[2],"116":[1,142],"117":[143,138,5],"118":[2,140],"119":[142,135,7],"120":[5,135],"121":[140,14],"122":[10,125],"123":[2],"124":[0],"125":[3],"126":[7],"127":[0],"128":[2]}}
}
